{"C:\\Users\\Jtass\\Desktop\\Nueva carpeta\\level_up_react_vite\\level_up_react_vite\\karma.conf.cjs": {"path":"C:\\Users\\Jtass\\Desktop\\Nueva carpeta\\level_up_react_vite\\level_up_react_vite\\karma.conf.cjs","all":true,"statementMap":{"0":{"start":{"line":1,"column":0},"end":{"line":1,"column":22}},"1":{"start":{"line":2,"column":0},"end":{"line":2,"column":36}},"2":{"start":{"line":3,"column":0},"end":{"line":3,"column":14}},"3":{"start":{"line":4,"column":0},"end":{"line":4,"column":17}},"4":{"start":{"line":5,"column":0},"end":{"line":5,"column":28}},"5":{"start":{"line":6,"column":0},"end":{"line":6,"column":12}},"6":{"start":{"line":7,"column":0},"end":{"line":7,"column":57}},"7":{"start":{"line":8,"column":0},"end":{"line":8,"column":55}},"8":{"start":{"line":9,"column":0},"end":{"line":9,"column":6}},"9":{"start":{"line":10,"column":0},"end":{"line":10,"column":20}},"10":{"start":{"line":11,"column":0},"end":{"line":11,"column":41}},"11":{"start":{"line":12,"column":0},"end":{"line":12,"column":39}},"12":{"start":{"line":13,"column":0},"end":{"line":13,"column":6}},"13":{"start":{"line":14,"column":0},"end":{"line":14,"column":14}},"14":{"start":{"line":15,"column":0},"end":{"line":15,"column":26}},"15":{"start":{"line":16,"column":0},"end":{"line":16,"column":23}},"16":{"start":{"line":17,"column":0},"end":{"line":17,"column":62}},"17":{"start":{"line":18,"column":0},"end":{"line":18,"column":23}},"18":{"start":{"line":19,"column":0},"end":{"line":19,"column":15}},"19":{"start":{"line":20,"column":0},"end":{"line":20,"column":40}},"20":{"start":{"line":21,"column":0},"end":{"line":21,"column":7}},"21":{"start":{"line":22,"column":0},"end":{"line":22,"column":6}},"22":{"start":{"line":23,"column":0},"end":{"line":23,"column":28}},"23":{"start":{"line":24,"column":0},"end":{"line":24,"column":15}},"24":{"start":{"line":25,"column":0},"end":{"line":25,"column":17}},"25":{"start":{"line":26,"column":0},"end":{"line":26,"column":30}},"26":{"start":{"line":27,"column":0},"end":{"line":27,"column":21}},"27":{"start":{"line":28,"column":0},"end":{"line":28,"column":33}},"28":{"start":{"line":29,"column":0},"end":{"line":29,"column":21}},"29":{"start":{"line":30,"column":0},"end":{"line":30,"column":26}},"30":{"start":{"line":31,"column":0},"end":{"line":31,"column":14}},"31":{"start":{"line":32,"column":0},"end":{"line":32,"column":31}},"32":{"start":{"line":33,"column":0},"end":{"line":33,"column":39}},"33":{"start":{"line":34,"column":0},"end":{"line":34,"column":30}},"34":{"start":{"line":35,"column":0},"end":{"line":35,"column":5}},"35":{"start":{"line":36,"column":0},"end":{"line":36,"column":4}},"36":{"start":{"line":37,"column":0},"end":{"line":37,"column":1}}},"s":{"0":0,"1":0,"2":0,"3":0,"4":0,"5":0,"6":0,"7":0,"8":0,"9":0,"10":0,"11":0,"12":0,"13":0,"14":0,"15":0,"16":0,"17":0,"18":0,"19":0,"20":0,"21":0,"22":0,"23":0,"24":0,"25":0,"26":0,"27":0,"28":0,"29":0,"30":0,"31":0,"32":0,"33":0,"34":0,"35":0,"36":0},"branchMap":{"0":{"type":"branch","line":1,"loc":{"start":{"line":1,"column":0},"end":{"line":37,"column":1}},"locations":[{"start":{"line":1,"column":0},"end":{"line":37,"column":1}}]}},"b":{"0":[0]},"fnMap":{"0":{"name":"(empty-report)","decl":{"start":{"line":1,"column":0},"end":{"line":37,"column":1}},"loc":{"start":{"line":1,"column":0},"end":{"line":37,"column":1}},"line":1}},"f":{"0":0}}
,"C:\\Users\\Jtass\\Desktop\\Nueva carpeta\\level_up_react_vite\\level_up_react_vite\\Final Level Up\\js\\app.js": {"path":"C:\\Users\\Jtass\\Desktop\\Nueva carpeta\\level_up_react_vite\\level_up_react_vite\\Final Level Up\\js\\app.js","all":true,"statementMap":{"0":{"start":{"line":1,"column":0},"end":{"line":1,"column":12}},"1":{"start":{"line":2,"column":0},"end":{"line":2,"column":80}},"2":{"start":{"line":3,"column":0},"end":{"line":3,"column":21}},"3":{"start":{"line":4,"column":0},"end":{"line":4,"column":68}},"4":{"start":{"line":5,"column":0},"end":{"line":5,"column":86}},"5":{"start":{"line":6,"column":0},"end":{"line":6,"column":128}},"6":{"start":{"line":7,"column":0},"end":{"line":7,"column":84}},"7":{"start":{"line":8,"column":0},"end":{"line":8,"column":130}},"8":{"start":{"line":9,"column":0},"end":{"line":9,"column":0}},"9":{"start":{"line":10,"column":0},"end":{"line":10,"column":36}},"10":{"start":{"line":11,"column":0},"end":{"line":11,"column":45}},"11":{"start":{"line":12,"column":0},"end":{"line":12,"column":23}},"12":{"start":{"line":13,"column":0},"end":{"line":13,"column":26}},"13":{"start":{"line":14,"column":0},"end":{"line":14,"column":9}},"14":{"start":{"line":15,"column":0},"end":{"line":15,"column":56}},"15":{"start":{"line":16,"column":0},"end":{"line":16,"column":28}},"16":{"start":{"line":17,"column":0},"end":{"line":17,"column":31}},"17":{"start":{"line":18,"column":0},"end":{"line":18,"column":29}},"18":{"start":{"line":19,"column":0},"end":{"line":19,"column":3}},"19":{"start":{"line":20,"column":0},"end":{"line":20,"column":0}},"20":{"start":{"line":21,"column":0},"end":{"line":21,"column":69}},"21":{"start":{"line":22,"column":0},"end":{"line":22,"column":58}},"22":{"start":{"line":23,"column":0},"end":{"line":23,"column":24}},"23":{"start":{"line":24,"column":0},"end":{"line":24,"column":11}},"24":{"start":{"line":25,"column":0},"end":{"line":25,"column":52}},"25":{"start":{"line":26,"column":0},"end":{"line":26,"column":35}},"26":{"start":{"line":27,"column":0},"end":{"line":27,"column":16}},"27":{"start":{"line":28,"column":0},"end":{"line":28,"column":184}},"28":{"start":{"line":29,"column":0},"end":{"line":29,"column":175}},"29":{"start":{"line":30,"column":0},"end":{"line":30,"column":44}},"30":{"start":{"line":31,"column":0},"end":{"line":31,"column":14}},"31":{"start":{"line":32,"column":0},"end":{"line":32,"column":73}},"32":{"start":{"line":33,"column":0},"end":{"line":33,"column":92}},"33":{"start":{"line":34,"column":0},"end":{"line":34,"column":85}},"34":{"start":{"line":35,"column":0},"end":{"line":35,"column":15}},"35":{"start":{"line":36,"column":0},"end":{"line":36,"column":199}},"36":{"start":{"line":37,"column":0},"end":{"line":37,"column":9}},"37":{"start":{"line":38,"column":0},"end":{"line":38,"column":8}},"38":{"start":{"line":39,"column":0},"end":{"line":39,"column":11}},"39":{"start":{"line":40,"column":0},"end":{"line":40,"column":46}},"40":{"start":{"line":41,"column":0},"end":{"line":41,"column":33}},"41":{"start":{"line":42,"column":0},"end":{"line":42,"column":16}},"42":{"start":{"line":43,"column":0},"end":{"line":43,"column":169}},"43":{"start":{"line":44,"column":0},"end":{"line":44,"column":174}},"44":{"start":{"line":45,"column":0},"end":{"line":45,"column":49}},"45":{"start":{"line":46,"column":0},"end":{"line":46,"column":14}},"46":{"start":{"line":47,"column":0},"end":{"line":47,"column":96}},"47":{"start":{"line":48,"column":0},"end":{"line":48,"column":80}},"48":{"start":{"line":49,"column":0},"end":{"line":49,"column":79}},"49":{"start":{"line":50,"column":0},"end":{"line":50,"column":85}},"50":{"start":{"line":51,"column":0},"end":{"line":51,"column":15}},"51":{"start":{"line":52,"column":0},"end":{"line":52,"column":148}},"52":{"start":{"line":53,"column":0},"end":{"line":53,"column":9}},"53":{"start":{"line":54,"column":0},"end":{"line":54,"column":8}},"54":{"start":{"line":55,"column":0},"end":{"line":55,"column":11}},"55":{"start":{"line":56,"column":0},"end":{"line":56,"column":43}},"56":{"start":{"line":57,"column":0},"end":{"line":57,"column":38}},"57":{"start":{"line":58,"column":0},"end":{"line":58,"column":16}},"58":{"start":{"line":59,"column":0},"end":{"line":59,"column":172}},"59":{"start":{"line":60,"column":0},"end":{"line":60,"column":151}},"60":{"start":{"line":61,"column":0},"end":{"line":61,"column":40}},"61":{"start":{"line":62,"column":0},"end":{"line":62,"column":14}},"62":{"start":{"line":63,"column":0},"end":{"line":63,"column":87}},"63":{"start":{"line":64,"column":0},"end":{"line":64,"column":80}},"64":{"start":{"line":65,"column":0},"end":{"line":65,"column":82}},"65":{"start":{"line":66,"column":0},"end":{"line":66,"column":15}},"66":{"start":{"line":67,"column":0},"end":{"line":67,"column":160}},"67":{"start":{"line":68,"column":0},"end":{"line":68,"column":9}},"68":{"start":{"line":69,"column":0},"end":{"line":69,"column":7}},"69":{"start":{"line":70,"column":0},"end":{"line":70,"column":6}},"70":{"start":{"line":71,"column":0},"end":{"line":71,"column":63}},"71":{"start":{"line":72,"column":0},"end":{"line":72,"column":43}},"72":{"start":{"line":73,"column":0},"end":{"line":73,"column":54}},"73":{"start":{"line":74,"column":0},"end":{"line":74,"column":37}},"74":{"start":{"line":75,"column":0},"end":{"line":75,"column":26}},"75":{"start":{"line":76,"column":0},"end":{"line":76,"column":61}},"76":{"start":{"line":77,"column":0},"end":{"line":77,"column":64}},"77":{"start":{"line":78,"column":0},"end":{"line":78,"column":43}},"78":{"start":{"line":79,"column":0},"end":{"line":79,"column":16}},"79":{"start":{"line":80,"column":0},"end":{"line":80,"column":25}},"80":{"start":{"line":81,"column":0},"end":{"line":81,"column":51}},"81":{"start":{"line":82,"column":0},"end":{"line":82,"column":36}},"82":{"start":{"line":83,"column":0},"end":{"line":83,"column":110}},"83":{"start":{"line":84,"column":0},"end":{"line":84,"column":20}},"84":{"start":{"line":85,"column":0},"end":{"line":85,"column":36}},"85":{"start":{"line":86,"column":0},"end":{"line":86,"column":29}},"86":{"start":{"line":87,"column":0},"end":{"line":87,"column":20}},"87":{"start":{"line":88,"column":0},"end":{"line":88,"column":18}},"88":{"start":{"line":89,"column":0},"end":{"line":89,"column":12}},"89":{"start":{"line":90,"column":0},"end":{"line":90,"column":9}},"90":{"start":{"line":91,"column":0},"end":{"line":91,"column":9}},"91":{"start":{"line":92,"column":0},"end":{"line":92,"column":7}},"92":{"start":{"line":93,"column":0},"end":{"line":93,"column":3}},"93":{"start":{"line":94,"column":0},"end":{"line":94,"column":42}},"94":{"start":{"line":95,"column":0},"end":{"line":95,"column":25}},"95":{"start":{"line":96,"column":0},"end":{"line":96,"column":42}},"96":{"start":{"line":97,"column":0},"end":{"line":97,"column":36}},"97":{"start":{"line":98,"column":0},"end":{"line":98,"column":28}},"98":{"start":{"line":99,"column":0},"end":{"line":99,"column":22}},"99":{"start":{"line":100,"column":0},"end":{"line":100,"column":5}},"100":{"start":{"line":101,"column":0},"end":{"line":101,"column":49}},"101":{"start":{"line":102,"column":0},"end":{"line":102,"column":74}},"102":{"start":{"line":103,"column":0},"end":{"line":103,"column":5}},"103":{"start":{"line":104,"column":0},"end":{"line":104,"column":15}},"104":{"start":{"line":105,"column":0},"end":{"line":105,"column":5}},"105":{"start":{"line":106,"column":0},"end":{"line":106,"column":52}},"106":{"start":{"line":107,"column":0},"end":{"line":107,"column":1}},"107":{"start":{"line":108,"column":0},"end":{"line":108,"column":0}},"108":{"start":{"line":109,"column":0},"end":{"line":109,"column":39}},"109":{"start":{"line":110,"column":0},"end":{"line":110,"column":53}},"110":{"start":{"line":111,"column":0},"end":{"line":111,"column":28}},"111":{"start":{"line":112,"column":0},"end":{"line":112,"column":0}},"112":{"start":{"line":113,"column":0},"end":{"line":113,"column":30}},"113":{"start":{"line":114,"column":0},"end":{"line":114,"column":19}},"114":{"start":{"line":115,"column":0},"end":{"line":115,"column":321}},"115":{"start":{"line":116,"column":0},"end":{"line":116,"column":315}},"116":{"start":{"line":117,"column":0},"end":{"line":117,"column":321}},"117":{"start":{"line":118,"column":0},"end":{"line":118,"column":345}},"118":{"start":{"line":119,"column":0},"end":{"line":119,"column":293}},"119":{"start":{"line":120,"column":0},"end":{"line":120,"column":330}},"120":{"start":{"line":121,"column":0},"end":{"line":121,"column":312}},"121":{"start":{"line":122,"column":0},"end":{"line":122,"column":304}},"122":{"start":{"line":123,"column":0},"end":{"line":123,"column":320}},"123":{"start":{"line":124,"column":0},"end":{"line":124,"column":290}},"124":{"start":{"line":125,"column":0},"end":{"line":125,"column":2}},"125":{"start":{"line":126,"column":0},"end":{"line":126,"column":0}},"126":{"start":{"line":127,"column":0},"end":{"line":127,"column":69}},"127":{"start":{"line":128,"column":0},"end":{"line":128,"column":64}},"128":{"start":{"line":129,"column":0},"end":{"line":129,"column":0}},"129":{"start":{"line":130,"column":0},"end":{"line":130,"column":30}},"130":{"start":{"line":131,"column":0},"end":{"line":131,"column":21}},"131":{"start":{"line":132,"column":0},"end":{"line":132,"column":51}},"132":{"start":{"line":133,"column":0},"end":{"line":133,"column":55}},"133":{"start":{"line":134,"column":0},"end":{"line":134,"column":182}},"134":{"start":{"line":135,"column":0},"end":{"line":135,"column":70}},"135":{"start":{"line":136,"column":0},"end":{"line":136,"column":3}},"136":{"start":{"line":137,"column":0},"end":{"line":137,"column":70}},"137":{"start":{"line":138,"column":0},"end":{"line":138,"column":39}},"138":{"start":{"line":139,"column":0},"end":{"line":139,"column":3}},"139":{"start":{"line":140,"column":0},"end":{"line":140,"column":11}},"140":{"start":{"line":141,"column":0},"end":{"line":141,"column":1}},"141":{"start":{"line":142,"column":0},"end":{"line":142,"column":0}},"142":{"start":{"line":143,"column":0},"end":{"line":143,"column":36}},"143":{"start":{"line":144,"column":0},"end":{"line":144,"column":47}},"144":{"start":{"line":145,"column":0},"end":{"line":145,"column":40}},"145":{"start":{"line":146,"column":0},"end":{"line":146,"column":29}},"146":{"start":{"line":147,"column":0},"end":{"line":147,"column":62}},"147":{"start":{"line":148,"column":0},"end":{"line":148,"column":26}},"148":{"start":{"line":149,"column":0},"end":{"line":149,"column":34}},"149":{"start":{"line":150,"column":0},"end":{"line":150,"column":30}},"150":{"start":{"line":151,"column":0},"end":{"line":151,"column":31}},"151":{"start":{"line":152,"column":0},"end":{"line":152,"column":5}},"152":{"start":{"line":153,"column":0},"end":{"line":153,"column":46}},"153":{"start":{"line":154,"column":0},"end":{"line":154,"column":32}},"154":{"start":{"line":155,"column":0},"end":{"line":155,"column":1}},"155":{"start":{"line":156,"column":0},"end":{"line":156,"column":0}},"156":{"start":{"line":157,"column":0},"end":{"line":157,"column":94}},"157":{"start":{"line":158,"column":0},"end":{"line":158,"column":142}},"158":{"start":{"line":159,"column":0},"end":{"line":159,"column":80}},"159":{"start":{"line":160,"column":0},"end":{"line":160,"column":0}},"160":{"start":{"line":161,"column":0},"end":{"line":161,"column":26}},"161":{"start":{"line":162,"column":0},"end":{"line":162,"column":21}},"162":{"start":{"line":163,"column":0},"end":{"line":163,"column":54}},"163":{"start":{"line":164,"column":0},"end":{"line":164,"column":20}},"164":{"start":{"line":165,"column":0},"end":{"line":165,"column":15}},"165":{"start":{"line":166,"column":0},"end":{"line":166,"column":26}},"166":{"start":{"line":167,"column":0},"end":{"line":167,"column":16}},"167":{"start":{"line":168,"column":0},"end":{"line":168,"column":22}},"168":{"start":{"line":169,"column":0},"end":{"line":169,"column":32}},"169":{"start":{"line":170,"column":0},"end":{"line":170,"column":29}},"170":{"start":{"line":171,"column":0},"end":{"line":171,"column":31}},"171":{"start":{"line":172,"column":0},"end":{"line":172,"column":18}},"172":{"start":{"line":173,"column":0},"end":{"line":173,"column":26}},"173":{"start":{"line":174,"column":0},"end":{"line":174,"column":28}},"174":{"start":{"line":175,"column":0},"end":{"line":175,"column":20}},"175":{"start":{"line":176,"column":0},"end":{"line":176,"column":20}},"176":{"start":{"line":177,"column":0},"end":{"line":177,"column":68}},"177":{"start":{"line":178,"column":0},"end":{"line":178,"column":7}},"178":{"start":{"line":179,"column":0},"end":{"line":179,"column":7}},"179":{"start":{"line":180,"column":0},"end":{"line":180,"column":10}},"180":{"start":{"line":181,"column":0},"end":{"line":181,"column":60}},"181":{"start":{"line":182,"column":0},"end":{"line":182,"column":51}},"182":{"start":{"line":183,"column":0},"end":{"line":183,"column":14}},"183":{"start":{"line":184,"column":0},"end":{"line":184,"column":41}},"184":{"start":{"line":185,"column":0},"end":{"line":185,"column":27}},"185":{"start":{"line":186,"column":0},"end":{"line":186,"column":208}},"186":{"start":{"line":187,"column":0},"end":{"line":187,"column":36}},"187":{"start":{"line":188,"column":0},"end":{"line":188,"column":5}},"188":{"start":{"line":189,"column":0},"end":{"line":189,"column":25}},"189":{"start":{"line":190,"column":0},"end":{"line":190,"column":31}},"190":{"start":{"line":191,"column":0},"end":{"line":191,"column":59}},"191":{"start":{"line":192,"column":0},"end":{"line":192,"column":3}},"192":{"start":{"line":193,"column":0},"end":{"line":193,"column":1}},"193":{"start":{"line":194,"column":0},"end":{"line":194,"column":0}},"194":{"start":{"line":195,"column":0},"end":{"line":195,"column":10}},"195":{"start":{"line":196,"column":0},"end":{"line":196,"column":38}},"196":{"start":{"line":197,"column":0},"end":{"line":197,"column":69}},"197":{"start":{"line":198,"column":0},"end":{"line":198,"column":37}},"198":{"start":{"line":199,"column":0},"end":{"line":199,"column":23}},"199":{"start":{"line":200,"column":0},"end":{"line":200,"column":31}},"200":{"start":{"line":201,"column":0},"end":{"line":201,"column":57}},"201":{"start":{"line":202,"column":0},"end":{"line":202,"column":64}},"202":{"start":{"line":203,"column":0},"end":{"line":203,"column":22}},"203":{"start":{"line":204,"column":0},"end":{"line":204,"column":24}},"204":{"start":{"line":205,"column":0},"end":{"line":205,"column":62}},"205":{"start":{"line":206,"column":0},"end":{"line":206,"column":28}},"206":{"start":{"line":207,"column":0},"end":{"line":207,"column":33}},"207":{"start":{"line":208,"column":0},"end":{"line":208,"column":32}},"208":{"start":{"line":209,"column":0},"end":{"line":209,"column":32}},"209":{"start":{"line":210,"column":0},"end":{"line":210,"column":5}},"210":{"start":{"line":211,"column":0},"end":{"line":211,"column":1}},"211":{"start":{"line":212,"column":0},"end":{"line":212,"column":0}},"212":{"start":{"line":213,"column":0},"end":{"line":213,"column":89}},"213":{"start":{"line":214,"column":0},"end":{"line":214,"column":0}},"214":{"start":{"line":215,"column":0},"end":{"line":215,"column":50}},"215":{"start":{"line":216,"column":0},"end":{"line":216,"column":64}},"216":{"start":{"line":217,"column":0},"end":{"line":217,"column":26}},"217":{"start":{"line":218,"column":0},"end":{"line":218,"column":68}},"218":{"start":{"line":219,"column":0},"end":{"line":219,"column":70}},"219":{"start":{"line":220,"column":0},"end":{"line":220,"column":163}},"220":{"start":{"line":221,"column":0},"end":{"line":221,"column":19}},"221":{"start":{"line":222,"column":0},"end":{"line":222,"column":46}},"222":{"start":{"line":223,"column":0},"end":{"line":223,"column":14}},"223":{"start":{"line":224,"column":0},"end":{"line":224,"column":1}},"224":{"start":{"line":225,"column":0},"end":{"line":225,"column":0}},"225":{"start":{"line":226,"column":0},"end":{"line":226,"column":37}},"226":{"start":{"line":227,"column":0},"end":{"line":227,"column":68}},"227":{"start":{"line":228,"column":0},"end":{"line":228,"column":25}},"228":{"start":{"line":229,"column":0},"end":{"line":229,"column":53}},"229":{"start":{"line":230,"column":0},"end":{"line":230,"column":52}},"230":{"start":{"line":231,"column":0},"end":{"line":231,"column":19}},"231":{"start":{"line":232,"column":0},"end":{"line":232,"column":97}},"232":{"start":{"line":233,"column":0},"end":{"line":233,"column":1}},"233":{"start":{"line":234,"column":0},"end":{"line":234,"column":0}},"234":{"start":{"line":235,"column":0},"end":{"line":235,"column":27}},"235":{"start":{"line":236,"column":0},"end":{"line":236,"column":112}},"236":{"start":{"line":237,"column":0},"end":{"line":237,"column":24}},"237":{"start":{"line":238,"column":0},"end":{"line":238,"column":81}},"238":{"start":{"line":239,"column":0},"end":{"line":239,"column":11}},"239":{"start":{"line":240,"column":0},"end":{"line":240,"column":3}},"240":{"start":{"line":241,"column":0},"end":{"line":241,"column":23}},"241":{"start":{"line":242,"column":0},"end":{"line":242,"column":61}},"242":{"start":{"line":243,"column":0},"end":{"line":243,"column":100}},"243":{"start":{"line":244,"column":0},"end":{"line":244,"column":35}},"244":{"start":{"line":245,"column":0},"end":{"line":245,"column":7}},"245":{"start":{"line":246,"column":0},"end":{"line":246,"column":11}},"246":{"start":{"line":247,"column":0},"end":{"line":247,"column":3}},"247":{"start":{"line":248,"column":0},"end":{"line":248,"column":53}},"248":{"start":{"line":249,"column":0},"end":{"line":249,"column":72}},"249":{"start":{"line":250,"column":0},"end":{"line":250,"column":24}},"250":{"start":{"line":251,"column":0},"end":{"line":251,"column":43}},"251":{"start":{"line":252,"column":0},"end":{"line":252,"column":0}},"252":{"start":{"line":253,"column":0},"end":{"line":253,"column":13}},"253":{"start":{"line":254,"column":0},"end":{"line":254,"column":33}},"254":{"start":{"line":255,"column":0},"end":{"line":255,"column":11}},"255":{"start":{"line":256,"column":0},"end":{"line":256,"column":65}},"256":{"start":{"line":257,"column":0},"end":{"line":257,"column":109}},"257":{"start":{"line":258,"column":0},"end":{"line":258,"column":110}},"258":{"start":{"line":259,"column":0},"end":{"line":259,"column":61}},"259":{"start":{"line":260,"column":0},"end":{"line":260,"column":6}},"260":{"start":{"line":261,"column":0},"end":{"line":261,"column":20}},"261":{"start":{"line":262,"column":0},"end":{"line":262,"column":33}},"262":{"start":{"line":263,"column":0},"end":{"line":263,"column":23}},"263":{"start":{"line":264,"column":0},"end":{"line":264,"column":18}},"264":{"start":{"line":265,"column":0},"end":{"line":265,"column":33}},"265":{"start":{"line":266,"column":0},"end":{"line":266,"column":17}},"266":{"start":{"line":267,"column":0},"end":{"line":267,"column":17}},"267":{"start":{"line":268,"column":0},"end":{"line":268,"column":34}},"268":{"start":{"line":269,"column":0},"end":{"line":269,"column":24}},"269":{"start":{"line":270,"column":0},"end":{"line":270,"column":5}},"270":{"start":{"line":271,"column":0},"end":{"line":271,"column":1}},"271":{"start":{"line":272,"column":0},"end":{"line":272,"column":0}},"272":{"start":{"line":273,"column":0},"end":{"line":273,"column":26}},"273":{"start":{"line":274,"column":0},"end":{"line":274,"column":67}},"274":{"start":{"line":275,"column":0},"end":{"line":275,"column":17}},"275":{"start":{"line":276,"column":0},"end":{"line":276,"column":34}},"276":{"start":{"line":277,"column":0},"end":{"line":277,"column":24}},"277":{"start":{"line":278,"column":0},"end":{"line":278,"column":30}},"278":{"start":{"line":279,"column":0},"end":{"line":279,"column":3}},"279":{"start":{"line":280,"column":0},"end":{"line":280,"column":1}},"280":{"start":{"line":281,"column":0},"end":{"line":281,"column":0}},"281":{"start":{"line":282,"column":0},"end":{"line":282,"column":25}},"282":{"start":{"line":283,"column":0},"end":{"line":283,"column":29}},"283":{"start":{"line":284,"column":0},"end":{"line":284,"column":110}},"284":{"start":{"line":285,"column":0},"end":{"line":285,"column":44}},"285":{"start":{"line":286,"column":0},"end":{"line":286,"column":38}},"286":{"start":{"line":287,"column":0},"end":{"line":287,"column":99}},"287":{"start":{"line":288,"column":0},"end":{"line":288,"column":134}},"288":{"start":{"line":289,"column":0},"end":{"line":289,"column":22}},"289":{"start":{"line":290,"column":0},"end":{"line":290,"column":19}},"290":{"start":{"line":291,"column":0},"end":{"line":291,"column":39}},"291":{"start":{"line":292,"column":0},"end":{"line":292,"column":156}},"292":{"start":{"line":293,"column":0},"end":{"line":293,"column":39}},"293":{"start":{"line":294,"column":0},"end":{"line":294,"column":99}},"294":{"start":{"line":295,"column":0},"end":{"line":295,"column":5}},"295":{"start":{"line":296,"column":0},"end":{"line":296,"column":115}},"296":{"start":{"line":297,"column":0},"end":{"line":297,"column":57}},"297":{"start":{"line":298,"column":0},"end":{"line":298,"column":10}},"298":{"start":{"line":299,"column":0},"end":{"line":299,"column":50}},"299":{"start":{"line":300,"column":0},"end":{"line":300,"column":48}},"300":{"start":{"line":301,"column":0},"end":{"line":301,"column":39}},"301":{"start":{"line":302,"column":0},"end":{"line":302,"column":3}},"302":{"start":{"line":303,"column":0},"end":{"line":303,"column":1}},"303":{"start":{"line":304,"column":0},"end":{"line":304,"column":0}},"304":{"start":{"line":305,"column":0},"end":{"line":305,"column":111}},"305":{"start":{"line":306,"column":0},"end":{"line":306,"column":0}},"306":{"start":{"line":307,"column":0},"end":{"line":307,"column":47}},"307":{"start":{"line":308,"column":0},"end":{"line":308,"column":27}},"308":{"start":{"line":309,"column":0},"end":{"line":309,"column":49}},"309":{"start":{"line":310,"column":0},"end":{"line":310,"column":43}},"310":{"start":{"line":311,"column":0},"end":{"line":311,"column":62}},"311":{"start":{"line":312,"column":0},"end":{"line":312,"column":0}},"312":{"start":{"line":313,"column":0},"end":{"line":313,"column":46}},"313":{"start":{"line":314,"column":0},"end":{"line":314,"column":61}},"314":{"start":{"line":315,"column":0},"end":{"line":315,"column":17}},"315":{"start":{"line":316,"column":0},"end":{"line":316,"column":26}},"316":{"start":{"line":317,"column":0},"end":{"line":317,"column":59}},"317":{"start":{"line":318,"column":0},"end":{"line":318,"column":81}},"318":{"start":{"line":319,"column":0},"end":{"line":319,"column":83}},"319":{"start":{"line":320,"column":0},"end":{"line":320,"column":60}},"320":{"start":{"line":321,"column":0},"end":{"line":321,"column":5}},"321":{"start":{"line":322,"column":0},"end":{"line":322,"column":77}},"322":{"start":{"line":323,"column":0},"end":{"line":323,"column":16}},"323":{"start":{"line":324,"column":0},"end":{"line":324,"column":5}},"324":{"start":{"line":325,"column":0},"end":{"line":325,"column":0}},"325":{"start":{"line":326,"column":0},"end":{"line":326,"column":33}},"326":{"start":{"line":327,"column":0},"end":{"line":327,"column":1}},"327":{"start":{"line":328,"column":0},"end":{"line":328,"column":0}},"328":{"start":{"line":329,"column":0},"end":{"line":329,"column":41}},"329":{"start":{"line":330,"column":0},"end":{"line":330,"column":38}},"330":{"start":{"line":331,"column":0},"end":{"line":331,"column":21}},"331":{"start":{"line":332,"column":0},"end":{"line":332,"column":23}},"332":{"start":{"line":333,"column":0},"end":{"line":333,"column":35}},"333":{"start":{"line":334,"column":0},"end":{"line":334,"column":46}},"334":{"start":{"line":335,"column":0},"end":{"line":335,"column":41}},"335":{"start":{"line":336,"column":0},"end":{"line":336,"column":69}},"336":{"start":{"line":337,"column":0},"end":{"line":337,"column":65}},"337":{"start":{"line":338,"column":0},"end":{"line":338,"column":61}},"338":{"start":{"line":339,"column":0},"end":{"line":339,"column":57}},"339":{"start":{"line":340,"column":0},"end":{"line":340,"column":66}},"340":{"start":{"line":341,"column":0},"end":{"line":341,"column":21}},"341":{"start":{"line":342,"column":0},"end":{"line":342,"column":213}},"342":{"start":{"line":343,"column":0},"end":{"line":343,"column":52}},"343":{"start":{"line":344,"column":0},"end":{"line":344,"column":108}},"344":{"start":{"line":345,"column":0},"end":{"line":345,"column":110}},"345":{"start":{"line":346,"column":0},"end":{"line":346,"column":138}},"346":{"start":{"line":347,"column":0},"end":{"line":347,"column":143}},"347":{"start":{"line":348,"column":0},"end":{"line":348,"column":67}},"348":{"start":{"line":349,"column":0},"end":{"line":349,"column":209}},"349":{"start":{"line":350,"column":0},"end":{"line":350,"column":217}},"350":{"start":{"line":351,"column":0},"end":{"line":351,"column":14}},"351":{"start":{"line":352,"column":0},"end":{"line":352,"column":14}},"352":{"start":{"line":353,"column":0},"end":{"line":353,"column":27}},"353":{"start":{"line":354,"column":0},"end":{"line":354,"column":5}},"354":{"start":{"line":355,"column":0},"end":{"line":355,"column":1}},"355":{"start":{"line":356,"column":0},"end":{"line":356,"column":0}},"356":{"start":{"line":357,"column":0},"end":{"line":357,"column":22}},"357":{"start":{"line":358,"column":0},"end":{"line":358,"column":30}},"358":{"start":{"line":359,"column":0},"end":{"line":359,"column":49}},"359":{"start":{"line":360,"column":0},"end":{"line":360,"column":38}},"360":{"start":{"line":361,"column":0},"end":{"line":361,"column":14}},"361":{"start":{"line":362,"column":0},"end":{"line":362,"column":59}},"362":{"start":{"line":363,"column":0},"end":{"line":363,"column":11}},"363":{"start":{"line":364,"column":0},"end":{"line":364,"column":3}},"364":{"start":{"line":365,"column":0},"end":{"line":365,"column":54}},"365":{"start":{"line":366,"column":0},"end":{"line":366,"column":30}},"366":{"start":{"line":367,"column":0},"end":{"line":367,"column":38}},"367":{"start":{"line":368,"column":0},"end":{"line":368,"column":12}},"368":{"start":{"line":369,"column":0},"end":{"line":369,"column":51}},"369":{"start":{"line":370,"column":0},"end":{"line":370,"column":11}},"370":{"start":{"line":371,"column":0},"end":{"line":371,"column":3}},"371":{"start":{"line":372,"column":0},"end":{"line":372,"column":61}},"372":{"start":{"line":373,"column":0},"end":{"line":373,"column":11}},"373":{"start":{"line":374,"column":0},"end":{"line":374,"column":62}},"374":{"start":{"line":375,"column":0},"end":{"line":375,"column":11}},"375":{"start":{"line":376,"column":0},"end":{"line":376,"column":3}},"376":{"start":{"line":377,"column":0},"end":{"line":377,"column":48}},"377":{"start":{"line":378,"column":0},"end":{"line":378,"column":0}},"378":{"start":{"line":379,"column":0},"end":{"line":379,"column":82}},"379":{"start":{"line":380,"column":0},"end":{"line":380,"column":0}},"380":{"start":{"line":381,"column":0},"end":{"line":381,"column":20}},"381":{"start":{"line":382,"column":0},"end":{"line":382,"column":26}},"382":{"start":{"line":383,"column":0},"end":{"line":383,"column":35}},"383":{"start":{"line":384,"column":0},"end":{"line":384,"column":233}},"384":{"start":{"line":385,"column":0},"end":{"line":385,"column":12}},"385":{"start":{"line":386,"column":0},"end":{"line":386,"column":10}},"386":{"start":{"line":387,"column":0},"end":{"line":387,"column":26}},"387":{"start":{"line":388,"column":0},"end":{"line":388,"column":114}},"388":{"start":{"line":389,"column":0},"end":{"line":389,"column":132}},"389":{"start":{"line":390,"column":0},"end":{"line":390,"column":127}},"390":{"start":{"line":391,"column":0},"end":{"line":391,"column":118}},"391":{"start":{"line":392,"column":0},"end":{"line":392,"column":169}},"392":{"start":{"line":393,"column":0},"end":{"line":393,"column":176}},"393":{"start":{"line":394,"column":0},"end":{"line":394,"column":82}},"394":{"start":{"line":395,"column":0},"end":{"line":395,"column":79}},"395":{"start":{"line":396,"column":0},"end":{"line":396,"column":181}},"396":{"start":{"line":397,"column":0},"end":{"line":397,"column":227}},"397":{"start":{"line":398,"column":0},"end":{"line":398,"column":14}},"398":{"start":{"line":399,"column":0},"end":{"line":399,"column":89}},"399":{"start":{"line":400,"column":0},"end":{"line":400,"column":79}},"400":{"start":{"line":401,"column":0},"end":{"line":401,"column":81}},"401":{"start":{"line":402,"column":0},"end":{"line":402,"column":14}},"402":{"start":{"line":403,"column":0},"end":{"line":403,"column":12}},"403":{"start":{"line":404,"column":0},"end":{"line":404,"column":12}},"404":{"start":{"line":405,"column":0},"end":{"line":405,"column":0}},"405":{"start":{"line":406,"column":0},"end":{"line":406,"column":40}},"406":{"start":{"line":407,"column":0},"end":{"line":407,"column":48}},"407":{"start":{"line":408,"column":0},"end":{"line":408,"column":42}},"408":{"start":{"line":409,"column":0},"end":{"line":409,"column":72}},"409":{"start":{"line":410,"column":0},"end":{"line":410,"column":37}},"410":{"start":{"line":411,"column":0},"end":{"line":411,"column":60}},"411":{"start":{"line":412,"column":0},"end":{"line":412,"column":49}},"412":{"start":{"line":413,"column":0},"end":{"line":413,"column":5}},"413":{"start":{"line":414,"column":0},"end":{"line":414,"column":67}},"414":{"start":{"line":415,"column":0},"end":{"line":415,"column":1}},"415":{"start":{"line":416,"column":0},"end":{"line":416,"column":0}},"416":{"start":{"line":417,"column":0},"end":{"line":417,"column":21}},"417":{"start":{"line":418,"column":0},"end":{"line":418,"column":30}},"418":{"start":{"line":419,"column":0},"end":{"line":419,"column":49}},"419":{"start":{"line":420,"column":0},"end":{"line":420,"column":40}},"420":{"start":{"line":421,"column":0},"end":{"line":421,"column":19}},"421":{"start":{"line":422,"column":0},"end":{"line":422,"column":56}},"422":{"start":{"line":423,"column":0},"end":{"line":423,"column":11}},"423":{"start":{"line":424,"column":0},"end":{"line":424,"column":3}},"424":{"start":{"line":425,"column":0},"end":{"line":425,"column":90}},"425":{"start":{"line":426,"column":0},"end":{"line":426,"column":27}},"426":{"start":{"line":427,"column":0},"end":{"line":427,"column":0}},"427":{"start":{"line":428,"column":0},"end":{"line":428,"column":24}},"428":{"start":{"line":429,"column":0},"end":{"line":429,"column":227}},"429":{"start":{"line":430,"column":0},"end":{"line":430,"column":42}},"430":{"start":{"line":431,"column":0},"end":{"line":431,"column":19}},"431":{"start":{"line":432,"column":0},"end":{"line":432,"column":39}},"432":{"start":{"line":433,"column":0},"end":{"line":433,"column":36}},"433":{"start":{"line":434,"column":0},"end":{"line":434,"column":41}},"434":{"start":{"line":435,"column":0},"end":{"line":435,"column":41}},"435":{"start":{"line":436,"column":0},"end":{"line":436,"column":54}},"436":{"start":{"line":437,"column":0},"end":{"line":437,"column":75}},"437":{"start":{"line":438,"column":0},"end":{"line":438,"column":62}},"438":{"start":{"line":439,"column":0},"end":{"line":439,"column":5}},"439":{"start":{"line":440,"column":0},"end":{"line":440,"column":11}},"440":{"start":{"line":441,"column":0},"end":{"line":441,"column":3}},"441":{"start":{"line":442,"column":0},"end":{"line":442,"column":0}},"442":{"start":{"line":443,"column":0},"end":{"line":443,"column":40}},"443":{"start":{"line":444,"column":0},"end":{"line":444,"column":17}},"444":{"start":{"line":445,"column":0},"end":{"line":445,"column":53}},"445":{"start":{"line":446,"column":0},"end":{"line":446,"column":34}},"446":{"start":{"line":447,"column":0},"end":{"line":447,"column":39}},"447":{"start":{"line":448,"column":0},"end":{"line":448,"column":39}},"448":{"start":{"line":449,"column":0},"end":{"line":449,"column":52}},"449":{"start":{"line":450,"column":0},"end":{"line":450,"column":73}},"450":{"start":{"line":451,"column":0},"end":{"line":451,"column":60}},"451":{"start":{"line":452,"column":0},"end":{"line":452,"column":3}},"452":{"start":{"line":453,"column":0},"end":{"line":453,"column":0}},"453":{"start":{"line":454,"column":0},"end":{"line":454,"column":36}},"454":{"start":{"line":455,"column":0},"end":{"line":455,"column":46}},"455":{"start":{"line":456,"column":0},"end":{"line":456,"column":35}},"456":{"start":{"line":457,"column":0},"end":{"line":457,"column":62}},"457":{"start":{"line":458,"column":0},"end":{"line":458,"column":36}},"458":{"start":{"line":459,"column":0},"end":{"line":459,"column":31}},"459":{"start":{"line":460,"column":0},"end":{"line":460,"column":36}},"460":{"start":{"line":461,"column":0},"end":{"line":461,"column":39}},"461":{"start":{"line":462,"column":0},"end":{"line":462,"column":35}},"462":{"start":{"line":463,"column":0},"end":{"line":463,"column":30}},"463":{"start":{"line":464,"column":0},"end":{"line":464,"column":21}},"464":{"start":{"line":465,"column":0},"end":{"line":465,"column":217}},"465":{"start":{"line":466,"column":0},"end":{"line":466,"column":46}},"466":{"start":{"line":467,"column":0},"end":{"line":467,"column":74}},"467":{"start":{"line":468,"column":0},"end":{"line":468,"column":119}},"468":{"start":{"line":469,"column":0},"end":{"line":469,"column":187}},"469":{"start":{"line":470,"column":0},"end":{"line":470,"column":113}},"470":{"start":{"line":471,"column":0},"end":{"line":471,"column":205}},"471":{"start":{"line":472,"column":0},"end":{"line":472,"column":61}},"472":{"start":{"line":473,"column":0},"end":{"line":473,"column":204}},"473":{"start":{"line":474,"column":0},"end":{"line":474,"column":14}},"474":{"start":{"line":475,"column":0},"end":{"line":475,"column":12}},"475":{"start":{"line":476,"column":0},"end":{"line":476,"column":38}},"476":{"start":{"line":477,"column":0},"end":{"line":477,"column":118}},"477":{"start":{"line":478,"column":0},"end":{"line":478,"column":241}},"478":{"start":{"line":479,"column":0},"end":{"line":479,"column":14}},"479":{"start":{"line":480,"column":0},"end":{"line":480,"column":31}},"480":{"start":{"line":481,"column":0},"end":{"line":481,"column":5}},"481":{"start":{"line":482,"column":0},"end":{"line":482,"column":0}},"482":{"start":{"line":483,"column":0},"end":{"line":483,"column":59}},"483":{"start":{"line":484,"column":0},"end":{"line":484,"column":72}},"484":{"start":{"line":485,"column":0},"end":{"line":485,"column":87}},"485":{"start":{"line":486,"column":0},"end":{"line":486,"column":43}},"486":{"start":{"line":487,"column":0},"end":{"line":487,"column":0}},"487":{"start":{"line":488,"column":0},"end":{"line":488,"column":39}},"488":{"start":{"line":489,"column":0},"end":{"line":489,"column":16}},"489":{"start":{"line":490,"column":0},"end":{"line":490,"column":25}},"490":{"start":{"line":491,"column":0},"end":{"line":491,"column":27}},"491":{"start":{"line":492,"column":0},"end":{"line":492,"column":149}},"492":{"start":{"line":493,"column":0},"end":{"line":493,"column":214}},"493":{"start":{"line":494,"column":0},"end":{"line":494,"column":114}},"494":{"start":{"line":495,"column":0},"end":{"line":495,"column":16}},"495":{"start":{"line":496,"column":0},"end":{"line":496,"column":12}},"496":{"start":{"line":497,"column":0},"end":{"line":497,"column":76}},"497":{"start":{"line":498,"column":0},"end":{"line":498,"column":28}},"498":{"start":{"line":499,"column":0},"end":{"line":499,"column":47}},"499":{"start":{"line":500,"column":0},"end":{"line":500,"column":27}},"500":{"start":{"line":501,"column":0},"end":{"line":501,"column":155}},"501":{"start":{"line":502,"column":0},"end":{"line":502,"column":102}},"502":{"start":{"line":503,"column":0},"end":{"line":503,"column":91}},"503":{"start":{"line":504,"column":0},"end":{"line":504,"column":34}},"504":{"start":{"line":505,"column":0},"end":{"line":505,"column":50}},"505":{"start":{"line":506,"column":0},"end":{"line":506,"column":16}},"506":{"start":{"line":507,"column":0},"end":{"line":507,"column":107}},"507":{"start":{"line":508,"column":0},"end":{"line":508,"column":41}},"508":{"start":{"line":509,"column":0},"end":{"line":509,"column":63}},"509":{"start":{"line":510,"column":0},"end":{"line":510,"column":16}},"510":{"start":{"line":511,"column":0},"end":{"line":511,"column":58}},"511":{"start":{"line":512,"column":0},"end":{"line":512,"column":124}},"512":{"start":{"line":513,"column":0},"end":{"line":513,"column":31}},"513":{"start":{"line":514,"column":0},"end":{"line":514,"column":47}},"514":{"start":{"line":515,"column":0},"end":{"line":515,"column":16}},"515":{"start":{"line":516,"column":0},"end":{"line":516,"column":16}},"516":{"start":{"line":517,"column":0},"end":{"line":517,"column":5}},"517":{"start":{"line":518,"column":0},"end":{"line":518,"column":3}},"518":{"start":{"line":519,"column":0},"end":{"line":519,"column":51}},"519":{"start":{"line":520,"column":0},"end":{"line":520,"column":1}},"520":{"start":{"line":521,"column":0},"end":{"line":521,"column":0}},"521":{"start":{"line":522,"column":0},"end":{"line":522,"column":44}},"522":{"start":{"line":523,"column":0},"end":{"line":523,"column":81}},"523":{"start":{"line":524,"column":0},"end":{"line":524,"column":33}},"524":{"start":{"line":525,"column":0},"end":{"line":525,"column":20}},"525":{"start":{"line":526,"column":0},"end":{"line":526,"column":77}},"526":{"start":{"line":527,"column":0},"end":{"line":527,"column":11}},"527":{"start":{"line":528,"column":0},"end":{"line":528,"column":3}},"528":{"start":{"line":529,"column":0},"end":{"line":529,"column":82}},"529":{"start":{"line":530,"column":0},"end":{"line":530,"column":28}},"530":{"start":{"line":531,"column":0},"end":{"line":531,"column":86}},"531":{"start":{"line":532,"column":0},"end":{"line":532,"column":26}},"532":{"start":{"line":533,"column":0},"end":{"line":533,"column":46}},"533":{"start":{"line":534,"column":0},"end":{"line":534,"column":41}},"534":{"start":{"line":535,"column":0},"end":{"line":535,"column":70}},"535":{"start":{"line":536,"column":0},"end":{"line":536,"column":65}},"536":{"start":{"line":537,"column":0},"end":{"line":537,"column":61}},"537":{"start":{"line":538,"column":0},"end":{"line":538,"column":57}},"538":{"start":{"line":539,"column":0},"end":{"line":539,"column":66}},"539":{"start":{"line":540,"column":0},"end":{"line":540,"column":21}},"540":{"start":{"line":541,"column":0},"end":{"line":541,"column":213}},"541":{"start":{"line":542,"column":0},"end":{"line":542,"column":52}},"542":{"start":{"line":543,"column":0},"end":{"line":543,"column":88}},"543":{"start":{"line":544,"column":0},"end":{"line":544,"column":87}},"544":{"start":{"line":545,"column":0},"end":{"line":545,"column":113}},"545":{"start":{"line":546,"column":0},"end":{"line":546,"column":123}},"546":{"start":{"line":547,"column":0},"end":{"line":547,"column":67}},"547":{"start":{"line":548,"column":0},"end":{"line":548,"column":209}},"548":{"start":{"line":549,"column":0},"end":{"line":549,"column":217}},"549":{"start":{"line":550,"column":0},"end":{"line":550,"column":14}},"550":{"start":{"line":551,"column":0},"end":{"line":551,"column":14}},"551":{"start":{"line":552,"column":0},"end":{"line":552,"column":32}},"552":{"start":{"line":553,"column":0},"end":{"line":553,"column":5}},"553":{"start":{"line":554,"column":0},"end":{"line":554,"column":65}},"554":{"start":{"line":555,"column":0},"end":{"line":555,"column":1}},"555":{"start":{"line":556,"column":0},"end":{"line":556,"column":31}},"556":{"start":{"line":557,"column":0},"end":{"line":557,"column":35}},"557":{"start":{"line":558,"column":0},"end":{"line":558,"column":14}},"558":{"start":{"line":559,"column":0},"end":{"line":559,"column":73}},"559":{"start":{"line":560,"column":0},"end":{"line":560,"column":11}},"560":{"start":{"line":561,"column":0},"end":{"line":561,"column":3}},"561":{"start":{"line":562,"column":0},"end":{"line":562,"column":71}},"562":{"start":{"line":563,"column":0},"end":{"line":563,"column":42}},"563":{"start":{"line":564,"column":0},"end":{"line":564,"column":56}},"564":{"start":{"line":565,"column":0},"end":{"line":565,"column":23}},"565":{"start":{"line":566,"column":0},"end":{"line":566,"column":118}},"566":{"start":{"line":567,"column":0},"end":{"line":567,"column":163}},"567":{"start":{"line":568,"column":0},"end":{"line":568,"column":149}},"568":{"start":{"line":569,"column":0},"end":{"line":569,"column":193}},"569":{"start":{"line":570,"column":0},"end":{"line":570,"column":0}},"570":{"start":{"line":571,"column":0},"end":{"line":571,"column":102}},"571":{"start":{"line":572,"column":0},"end":{"line":572,"column":0}},"572":{"start":{"line":573,"column":0},"end":{"line":573,"column":23}},"573":{"start":{"line":574,"column":0},"end":{"line":574,"column":54}},"574":{"start":{"line":575,"column":0},"end":{"line":575,"column":91}},"575":{"start":{"line":576,"column":0},"end":{"line":576,"column":94}},"576":{"start":{"line":577,"column":0},"end":{"line":577,"column":74}},"577":{"start":{"line":578,"column":0},"end":{"line":578,"column":0}},"578":{"start":{"line":579,"column":0},"end":{"line":579,"column":47}},"579":{"start":{"line":580,"column":0},"end":{"line":580,"column":135}},"580":{"start":{"line":581,"column":0},"end":{"line":581,"column":0}},"581":{"start":{"line":582,"column":0},"end":{"line":582,"column":81}},"582":{"start":{"line":583,"column":0},"end":{"line":583,"column":0}},"583":{"start":{"line":584,"column":0},"end":{"line":584,"column":126}},"584":{"start":{"line":585,"column":0},"end":{"line":585,"column":25}},"585":{"start":{"line":586,"column":0},"end":{"line":586,"column":36}},"586":{"start":{"line":587,"column":0},"end":{"line":587,"column":46}},"587":{"start":{"line":588,"column":0},"end":{"line":588,"column":52}},"588":{"start":{"line":589,"column":0},"end":{"line":589,"column":55}},"589":{"start":{"line":590,"column":0},"end":{"line":590,"column":5}},"590":{"start":{"line":591,"column":0},"end":{"line":591,"column":1}},"591":{"start":{"line":592,"column":0},"end":{"line":592,"column":0}},"592":{"start":{"line":593,"column":0},"end":{"line":593,"column":28}},"593":{"start":{"line":594,"column":0},"end":{"line":594,"column":52}},"594":{"start":{"line":595,"column":0},"end":{"line":595,"column":14}},"595":{"start":{"line":596,"column":0},"end":{"line":596,"column":67}},"596":{"start":{"line":597,"column":0},"end":{"line":597,"column":11}},"597":{"start":{"line":598,"column":0},"end":{"line":598,"column":3}},"598":{"start":{"line":599,"column":0},"end":{"line":599,"column":68}},"599":{"start":{"line":600,"column":0},"end":{"line":600,"column":42}},"600":{"start":{"line":601,"column":0},"end":{"line":601,"column":93}},"601":{"start":{"line":602,"column":0},"end":{"line":602,"column":48}},"602":{"start":{"line":603,"column":0},"end":{"line":603,"column":53}},"603":{"start":{"line":604,"column":0},"end":{"line":604,"column":47}},"604":{"start":{"line":605,"column":0},"end":{"line":605,"column":163}},"605":{"start":{"line":606,"column":0},"end":{"line":606,"column":112}},"606":{"start":{"line":607,"column":0},"end":{"line":607,"column":0}},"607":{"start":{"line":608,"column":0},"end":{"line":608,"column":45}},"608":{"start":{"line":609,"column":0},"end":{"line":609,"column":65}},"609":{"start":{"line":610,"column":0},"end":{"line":610,"column":0}},"610":{"start":{"line":611,"column":0},"end":{"line":611,"column":23}},"611":{"start":{"line":612,"column":0},"end":{"line":612,"column":57}},"612":{"start":{"line":613,"column":0},"end":{"line":613,"column":59}},"613":{"start":{"line":614,"column":0},"end":{"line":614,"column":103}},"614":{"start":{"line":615,"column":0},"end":{"line":615,"column":25}},"615":{"start":{"line":616,"column":0},"end":{"line":616,"column":68}},"616":{"start":{"line":617,"column":0},"end":{"line":617,"column":13}},"617":{"start":{"line":618,"column":0},"end":{"line":618,"column":5}},"618":{"start":{"line":619,"column":0},"end":{"line":619,"column":0}},"619":{"start":{"line":620,"column":0},"end":{"line":620,"column":47}},"620":{"start":{"line":621,"column":0},"end":{"line":621,"column":58}},"621":{"start":{"line":622,"column":0},"end":{"line":622,"column":33}},"622":{"start":{"line":623,"column":0},"end":{"line":623,"column":37}},"623":{"start":{"line":624,"column":0},"end":{"line":624,"column":68}},"624":{"start":{"line":625,"column":0},"end":{"line":625,"column":63}},"625":{"start":{"line":626,"column":0},"end":{"line":626,"column":83}},"626":{"start":{"line":627,"column":0},"end":{"line":627,"column":7}},"627":{"start":{"line":628,"column":0},"end":{"line":628,"column":16}},"628":{"start":{"line":629,"column":0},"end":{"line":629,"column":47}},"629":{"start":{"line":630,"column":0},"end":{"line":630,"column":13}},"630":{"start":{"line":631,"column":0},"end":{"line":631,"column":5}},"631":{"start":{"line":632,"column":0},"end":{"line":632,"column":0}},"632":{"start":{"line":633,"column":0},"end":{"line":633,"column":37}},"633":{"start":{"line":634,"column":0},"end":{"line":634,"column":25}},"634":{"start":{"line":635,"column":0},"end":{"line":635,"column":49}},"635":{"start":{"line":636,"column":0},"end":{"line":636,"column":56}},"636":{"start":{"line":637,"column":0},"end":{"line":637,"column":39}},"637":{"start":{"line":638,"column":0},"end":{"line":638,"column":55}},"638":{"start":{"line":639,"column":0},"end":{"line":639,"column":5}},"639":{"start":{"line":640,"column":0},"end":{"line":640,"column":1}},"640":{"start":{"line":641,"column":0},"end":{"line":641,"column":0}},"641":{"start":{"line":642,"column":0},"end":{"line":642,"column":31}},"642":{"start":{"line":643,"column":0},"end":{"line":643,"column":35}},"643":{"start":{"line":644,"column":0},"end":{"line":644,"column":20}},"644":{"start":{"line":645,"column":0},"end":{"line":645,"column":42}},"645":{"start":{"line":646,"column":0},"end":{"line":646,"column":23}},"646":{"start":{"line":647,"column":0},"end":{"line":647,"column":118}},"647":{"start":{"line":648,"column":0},"end":{"line":648,"column":163}},"648":{"start":{"line":649,"column":0},"end":{"line":649,"column":118}},"649":{"start":{"line":650,"column":0},"end":{"line":650,"column":108}},"650":{"start":{"line":651,"column":0},"end":{"line":651,"column":0}},"651":{"start":{"line":652,"column":0},"end":{"line":652,"column":23}},"652":{"start":{"line":653,"column":0},"end":{"line":653,"column":51}},"653":{"start":{"line":654,"column":0},"end":{"line":654,"column":98}},"654":{"start":{"line":655,"column":0},"end":{"line":655,"column":51}},"655":{"start":{"line":656,"column":0},"end":{"line":656,"column":53}},"656":{"start":{"line":657,"column":0},"end":{"line":657,"column":0}},"657":{"start":{"line":658,"column":0},"end":{"line":658,"column":81}},"658":{"start":{"line":659,"column":0},"end":{"line":659,"column":0}},"659":{"start":{"line":660,"column":0},"end":{"line":660,"column":65}},"660":{"start":{"line":661,"column":0},"end":{"line":661,"column":17}},"661":{"start":{"line":662,"column":0},"end":{"line":662,"column":5}},"662":{"start":{"line":663,"column":0},"end":{"line":663,"column":1}},"663":{"start":{"line":664,"column":0},"end":{"line":664,"column":0}},"664":{"start":{"line":665,"column":0},"end":{"line":665,"column":27}},"665":{"start":{"line":666,"column":0},"end":{"line":666,"column":53}},"666":{"start":{"line":667,"column":0},"end":{"line":667,"column":44}},"667":{"start":{"line":668,"column":0},"end":{"line":668,"column":37}},"668":{"start":{"line":669,"column":0},"end":{"line":669,"column":51}},"669":{"start":{"line":670,"column":0},"end":{"line":670,"column":65}},"670":{"start":{"line":671,"column":0},"end":{"line":671,"column":90}},"671":{"start":{"line":672,"column":0},"end":{"line":672,"column":84}},"672":{"start":{"line":673,"column":0},"end":{"line":673,"column":0}},"673":{"start":{"line":674,"column":0},"end":{"line":674,"column":76}},"674":{"start":{"line":675,"column":0},"end":{"line":675,"column":28}},"675":{"start":{"line":676,"column":0},"end":{"line":676,"column":84}},"676":{"start":{"line":677,"column":0},"end":{"line":677,"column":56}},"677":{"start":{"line":678,"column":0},"end":{"line":678,"column":29}},"678":{"start":{"line":679,"column":0},"end":{"line":679,"column":62}},"679":{"start":{"line":680,"column":0},"end":{"line":680,"column":28}},"680":{"start":{"line":681,"column":0},"end":{"line":681,"column":85}},"681":{"start":{"line":682,"column":0},"end":{"line":682,"column":25}},"682":{"start":{"line":683,"column":0},"end":{"line":683,"column":42}},"683":{"start":{"line":684,"column":0},"end":{"line":684,"column":37}},"684":{"start":{"line":685,"column":0},"end":{"line":685,"column":32}},"685":{"start":{"line":686,"column":0},"end":{"line":686,"column":41}},"686":{"start":{"line":687,"column":0},"end":{"line":687,"column":59}},"687":{"start":{"line":688,"column":0},"end":{"line":688,"column":7}},"688":{"start":{"line":689,"column":0},"end":{"line":689,"column":3}},"689":{"start":{"line":690,"column":0},"end":{"line":690,"column":23}},"690":{"start":{"line":691,"column":0},"end":{"line":691,"column":39}},"691":{"start":{"line":692,"column":0},"end":{"line":692,"column":87}},"692":{"start":{"line":693,"column":0},"end":{"line":693,"column":77}},"693":{"start":{"line":694,"column":0},"end":{"line":694,"column":46}},"694":{"start":{"line":695,"column":0},"end":{"line":695,"column":27}},"695":{"start":{"line":696,"column":0},"end":{"line":696,"column":60}},"696":{"start":{"line":697,"column":0},"end":{"line":697,"column":88}},"697":{"start":{"line":698,"column":0},"end":{"line":698,"column":5}},"698":{"start":{"line":699,"column":0},"end":{"line":699,"column":3}},"699":{"start":{"line":700,"column":0},"end":{"line":700,"column":63}},"700":{"start":{"line":701,"column":0},"end":{"line":701,"column":36}},"701":{"start":{"line":702,"column":0},"end":{"line":702,"column":0}},"702":{"start":{"line":703,"column":0},"end":{"line":703,"column":66}},"703":{"start":{"line":704,"column":0},"end":{"line":704,"column":28}},"704":{"start":{"line":705,"column":0},"end":{"line":705,"column":45}},"705":{"start":{"line":706,"column":0},"end":{"line":706,"column":32}},"706":{"start":{"line":707,"column":0},"end":{"line":707,"column":61}},"707":{"start":{"line":708,"column":0},"end":{"line":708,"column":103}},"708":{"start":{"line":709,"column":0},"end":{"line":709,"column":21}},"709":{"start":{"line":710,"column":0},"end":{"line":710,"column":100}},"710":{"start":{"line":711,"column":0},"end":{"line":711,"column":31}},"711":{"start":{"line":712,"column":0},"end":{"line":712,"column":12}},"712":{"start":{"line":713,"column":0},"end":{"line":713,"column":37}},"713":{"start":{"line":714,"column":0},"end":{"line":714,"column":26}},"714":{"start":{"line":715,"column":0},"end":{"line":715,"column":30}},"715":{"start":{"line":716,"column":0},"end":{"line":716,"column":75}},"716":{"start":{"line":717,"column":0},"end":{"line":717,"column":72}},"717":{"start":{"line":718,"column":0},"end":{"line":718,"column":65}},"718":{"start":{"line":719,"column":0},"end":{"line":719,"column":106}},"719":{"start":{"line":720,"column":0},"end":{"line":720,"column":47}},"720":{"start":{"line":721,"column":0},"end":{"line":721,"column":105}},"721":{"start":{"line":722,"column":0},"end":{"line":722,"column":31}},"722":{"start":{"line":723,"column":0},"end":{"line":723,"column":90}},"723":{"start":{"line":724,"column":0},"end":{"line":724,"column":59}},"724":{"start":{"line":725,"column":0},"end":{"line":725,"column":37}},"725":{"start":{"line":726,"column":0},"end":{"line":726,"column":86}},"726":{"start":{"line":727,"column":0},"end":{"line":727,"column":67}},"727":{"start":{"line":728,"column":0},"end":{"line":728,"column":5}},"728":{"start":{"line":729,"column":0},"end":{"line":729,"column":4}},"729":{"start":{"line":730,"column":0},"end":{"line":730,"column":63}},"730":{"start":{"line":731,"column":0},"end":{"line":731,"column":73}},"731":{"start":{"line":732,"column":0},"end":{"line":732,"column":83}},"732":{"start":{"line":733,"column":0},"end":{"line":733,"column":26}},"733":{"start":{"line":734,"column":0},"end":{"line":734,"column":36}},"734":{"start":{"line":735,"column":0},"end":{"line":735,"column":57}},"735":{"start":{"line":736,"column":0},"end":{"line":736,"column":3}},"736":{"start":{"line":737,"column":0},"end":{"line":737,"column":0}},"737":{"start":{"line":738,"column":0},"end":{"line":738,"column":21}},"738":{"start":{"line":739,"column":0},"end":{"line":739,"column":30}},"739":{"start":{"line":740,"column":0},"end":{"line":740,"column":0}},"740":{"start":{"line":741,"column":0},"end":{"line":741,"column":27}},"741":{"start":{"line":742,"column":0},"end":{"line":742,"column":20}},"742":{"start":{"line":743,"column":0},"end":{"line":743,"column":23}},"743":{"start":{"line":744,"column":0},"end":{"line":744,"column":23}},"744":{"start":{"line":745,"column":0},"end":{"line":745,"column":0}},"745":{"start":{"line":746,"column":0},"end":{"line":746,"column":33}},"746":{"start":{"line":747,"column":0},"end":{"line":747,"column":31}},"747":{"start":{"line":748,"column":0},"end":{"line":748,"column":70}},"748":{"start":{"line":749,"column":0},"end":{"line":749,"column":24}},"749":{"start":{"line":750,"column":0},"end":{"line":750,"column":3}},"750":{"start":{"line":751,"column":0},"end":{"line":751,"column":0}},"751":{"start":{"line":752,"column":0},"end":{"line":752,"column":33}},"752":{"start":{"line":753,"column":0},"end":{"line":753,"column":28}},"753":{"start":{"line":754,"column":0},"end":{"line":754,"column":69}},"754":{"start":{"line":755,"column":0},"end":{"line":755,"column":24}},"755":{"start":{"line":756,"column":0},"end":{"line":756,"column":3}},"756":{"start":{"line":757,"column":0},"end":{"line":757,"column":0}},"757":{"start":{"line":758,"column":0},"end":{"line":758,"column":34}},"758":{"start":{"line":759,"column":0},"end":{"line":759,"column":48}},"759":{"start":{"line":760,"column":0},"end":{"line":760,"column":41}},"760":{"start":{"line":761,"column":0},"end":{"line":761,"column":35}},"761":{"start":{"line":762,"column":0},"end":{"line":762,"column":65}},"762":{"start":{"line":763,"column":0},"end":{"line":763,"column":9}},"763":{"start":{"line":764,"column":0},"end":{"line":764,"column":58}},"764":{"start":{"line":765,"column":0},"end":{"line":765,"column":64}},"765":{"start":{"line":766,"column":0},"end":{"line":766,"column":19}},"766":{"start":{"line":767,"column":0},"end":{"line":767,"column":31}},"767":{"start":{"line":768,"column":0},"end":{"line":768,"column":46}},"768":{"start":{"line":769,"column":0},"end":{"line":769,"column":35}},"769":{"start":{"line":770,"column":0},"end":{"line":770,"column":34}},"770":{"start":{"line":771,"column":0},"end":{"line":771,"column":34}},"771":{"start":{"line":772,"column":0},"end":{"line":772,"column":8}},"772":{"start":{"line":773,"column":0},"end":{"line":773,"column":54}},"773":{"start":{"line":774,"column":0},"end":{"line":774,"column":48}},"774":{"start":{"line":775,"column":0},"end":{"line":775,"column":7}},"775":{"start":{"line":776,"column":0},"end":{"line":776,"column":14}},"776":{"start":{"line":777,"column":0},"end":{"line":777,"column":21}},"777":{"start":{"line":778,"column":0},"end":{"line":778,"column":96}},"778":{"start":{"line":779,"column":0},"end":{"line":779,"column":90}},"779":{"start":{"line":780,"column":0},"end":{"line":780,"column":79}},"780":{"start":{"line":781,"column":0},"end":{"line":781,"column":3}},"781":{"start":{"line":782,"column":0},"end":{"line":782,"column":0}},"782":{"start":{"line":783,"column":0},"end":{"line":783,"column":50}},"783":{"start":{"line":784,"column":0},"end":{"line":784,"column":35}},"784":{"start":{"line":785,"column":0},"end":{"line":785,"column":57}},"785":{"start":{"line":786,"column":0},"end":{"line":786,"column":50}},"786":{"start":{"line":787,"column":0},"end":{"line":787,"column":59}},"787":{"start":{"line":788,"column":0},"end":{"line":788,"column":69}},"788":{"start":{"line":789,"column":0},"end":{"line":789,"column":61}},"789":{"start":{"line":790,"column":0},"end":{"line":790,"column":61}},"790":{"start":{"line":791,"column":0},"end":{"line":791,"column":103}},"791":{"start":{"line":792,"column":0},"end":{"line":792,"column":3}},"792":{"start":{"line":793,"column":0},"end":{"line":793,"column":0}},"793":{"start":{"line":794,"column":0},"end":{"line":794,"column":31}},"794":{"start":{"line":795,"column":0},"end":{"line":795,"column":46}},"795":{"start":{"line":796,"column":0},"end":{"line":796,"column":45}},"796":{"start":{"line":797,"column":0},"end":{"line":797,"column":101}},"797":{"start":{"line":798,"column":0},"end":{"line":798,"column":136}},"798":{"start":{"line":799,"column":0},"end":{"line":799,"column":90}},"799":{"start":{"line":800,"column":0},"end":{"line":800,"column":68}},"800":{"start":{"line":801,"column":0},"end":{"line":801,"column":42}},"801":{"start":{"line":802,"column":0},"end":{"line":802,"column":34}},"802":{"start":{"line":803,"column":0},"end":{"line":803,"column":55}},"803":{"start":{"line":804,"column":0},"end":{"line":804,"column":35}},"804":{"start":{"line":805,"column":0},"end":{"line":805,"column":66}},"805":{"start":{"line":806,"column":0},"end":{"line":806,"column":23}},"806":{"start":{"line":807,"column":0},"end":{"line":807,"column":68}},"807":{"start":{"line":808,"column":0},"end":{"line":808,"column":9}},"808":{"start":{"line":809,"column":0},"end":{"line":809,"column":7}},"809":{"start":{"line":810,"column":0},"end":{"line":810,"column":33}},"810":{"start":{"line":811,"column":0},"end":{"line":811,"column":54}},"811":{"start":{"line":812,"column":0},"end":{"line":812,"column":34}},"812":{"start":{"line":813,"column":0},"end":{"line":813,"column":7}},"813":{"start":{"line":814,"column":0},"end":{"line":814,"column":12}},"814":{"start":{"line":815,"column":0},"end":{"line":815,"column":60}},"815":{"start":{"line":816,"column":0},"end":{"line":816,"column":38}},"816":{"start":{"line":817,"column":0},"end":{"line":817,"column":5}},"817":{"start":{"line":818,"column":0},"end":{"line":818,"column":3}},"818":{"start":{"line":819,"column":0},"end":{"line":819,"column":0}},"819":{"start":{"line":820,"column":0},"end":{"line":820,"column":21}},"820":{"start":{"line":821,"column":0},"end":{"line":821,"column":45}},"821":{"start":{"line":822,"column":0},"end":{"line":822,"column":49}},"822":{"start":{"line":823,"column":0},"end":{"line":823,"column":32}},"823":{"start":{"line":824,"column":0},"end":{"line":824,"column":62}},"824":{"start":{"line":825,"column":0},"end":{"line":825,"column":47}},"825":{"start":{"line":826,"column":0},"end":{"line":826,"column":5}},"826":{"start":{"line":827,"column":0},"end":{"line":827,"column":53}},"827":{"start":{"line":828,"column":0},"end":{"line":828,"column":32}},"828":{"start":{"line":829,"column":0},"end":{"line":829,"column":58}},"829":{"start":{"line":830,"column":0},"end":{"line":830,"column":87}},"830":{"start":{"line":831,"column":0},"end":{"line":831,"column":5}},"831":{"start":{"line":832,"column":0},"end":{"line":832,"column":5}},"832":{"start":{"line":833,"column":0},"end":{"line":833,"column":3}},"833":{"start":{"line":834,"column":0},"end":{"line":834,"column":0}},"834":{"start":{"line":835,"column":0},"end":{"line":835,"column":21}},"835":{"start":{"line":836,"column":0},"end":{"line":836,"column":37}},"836":{"start":{"line":837,"column":0},"end":{"line":837,"column":38}},"837":{"start":{"line":838,"column":0},"end":{"line":838,"column":21}},"838":{"start":{"line":839,"column":0},"end":{"line":839,"column":2}},"839":{"start":{"line":840,"column":0},"end":{"line":840,"column":23}},"840":{"start":{"line":841,"column":0},"end":{"line":841,"column":26}},"841":{"start":{"line":842,"column":0},"end":{"line":842,"column":45}},"842":{"start":{"line":843,"column":0},"end":{"line":843,"column":21}},"843":{"start":{"line":844,"column":0},"end":{"line":844,"column":42}},"844":{"start":{"line":845,"column":0},"end":{"line":845,"column":43}},"845":{"start":{"line":846,"column":0},"end":{"line":846,"column":82}},"846":{"start":{"line":847,"column":0},"end":{"line":847,"column":69}},"847":{"start":{"line":848,"column":0},"end":{"line":848,"column":57}},"848":{"start":{"line":849,"column":0},"end":{"line":849,"column":30}},"849":{"start":{"line":850,"column":0},"end":{"line":850,"column":94}},"850":{"start":{"line":851,"column":0},"end":{"line":851,"column":37}},"851":{"start":{"line":852,"column":0},"end":{"line":852,"column":17}},"852":{"start":{"line":853,"column":0},"end":{"line":853,"column":90}},"853":{"start":{"line":854,"column":0},"end":{"line":854,"column":38}},"854":{"start":{"line":855,"column":0},"end":{"line":855,"column":17}},"855":{"start":{"line":856,"column":0},"end":{"line":856,"column":11}},"856":{"start":{"line":857,"column":0},"end":{"line":857,"column":6}},"857":{"start":{"line":858,"column":0},"end":{"line":858,"column":27}},"858":{"start":{"line":859,"column":0},"end":{"line":859,"column":5}},"859":{"start":{"line":860,"column":0},"end":{"line":860,"column":1}},"860":{"start":{"line":861,"column":0},"end":{"line":861,"column":0}},"861":{"start":{"line":862,"column":0},"end":{"line":862,"column":28}},"862":{"start":{"line":863,"column":0},"end":{"line":863,"column":34}},"863":{"start":{"line":864,"column":0},"end":{"line":864,"column":21}},"864":{"start":{"line":865,"column":0},"end":{"line":865,"column":24}},"865":{"start":{"line":866,"column":0},"end":{"line":866,"column":63}},"866":{"start":{"line":867,"column":0},"end":{"line":867,"column":63}},"867":{"start":{"line":868,"column":0},"end":{"line":868,"column":69}},"868":{"start":{"line":869,"column":0},"end":{"line":869,"column":63}},"869":{"start":{"line":870,"column":0},"end":{"line":870,"column":69}},"870":{"start":{"line":871,"column":0},"end":{"line":871,"column":67}},"871":{"start":{"line":872,"column":0},"end":{"line":872,"column":63}},"872":{"start":{"line":873,"column":0},"end":{"line":873,"column":73}},"873":{"start":{"line":874,"column":0},"end":{"line":874,"column":0}},"874":{"start":{"line":875,"column":0},"end":{"line":875,"column":21}},"875":{"start":{"line":876,"column":0},"end":{"line":876,"column":48}},"876":{"start":{"line":877,"column":0},"end":{"line":877,"column":54}},"877":{"start":{"line":878,"column":0},"end":{"line":878,"column":48}},"878":{"start":{"line":879,"column":0},"end":{"line":879,"column":54}},"879":{"start":{"line":880,"column":0},"end":{"line":880,"column":52}},"880":{"start":{"line":881,"column":0},"end":{"line":881,"column":73}},"881":{"start":{"line":882,"column":0},"end":{"line":882,"column":84}},"882":{"start":{"line":883,"column":0},"end":{"line":883,"column":0}},"883":{"start":{"line":884,"column":0},"end":{"line":884,"column":21}},"884":{"start":{"line":885,"column":0},"end":{"line":885,"column":52}},"885":{"start":{"line":886,"column":0},"end":{"line":886,"column":35}},"886":{"start":{"line":887,"column":0},"end":{"line":887,"column":98}},"887":{"start":{"line":888,"column":0},"end":{"line":888,"column":89}},"888":{"start":{"line":889,"column":0},"end":{"line":889,"column":0}},"889":{"start":{"line":890,"column":0},"end":{"line":890,"column":17}},"890":{"start":{"line":891,"column":0},"end":{"line":891,"column":30}},"891":{"start":{"line":892,"column":0},"end":{"line":892,"column":78}},"892":{"start":{"line":893,"column":0},"end":{"line":893,"column":10}},"893":{"start":{"line":894,"column":0},"end":{"line":894,"column":25}},"894":{"start":{"line":895,"column":0},"end":{"line":895,"column":48}},"895":{"start":{"line":896,"column":0},"end":{"line":896,"column":38}},"896":{"start":{"line":897,"column":0},"end":{"line":897,"column":81}},"897":{"start":{"line":898,"column":0},"end":{"line":898,"column":12}},"898":{"start":{"line":899,"column":0},"end":{"line":899,"column":31}},"899":{"start":{"line":900,"column":0},"end":{"line":900,"column":70}},"900":{"start":{"line":901,"column":0},"end":{"line":901,"column":5}},"901":{"start":{"line":902,"column":0},"end":{"line":902,"column":3}},"902":{"start":{"line":903,"column":0},"end":{"line":903,"column":0}},"903":{"start":{"line":904,"column":0},"end":{"line":904,"column":67}},"904":{"start":{"line":905,"column":0},"end":{"line":905,"column":32}},"905":{"start":{"line":906,"column":0},"end":{"line":906,"column":26}},"906":{"start":{"line":907,"column":0},"end":{"line":907,"column":60}},"907":{"start":{"line":908,"column":0},"end":{"line":908,"column":33}},"908":{"start":{"line":909,"column":0},"end":{"line":909,"column":5}},"909":{"start":{"line":910,"column":0},"end":{"line":910,"column":49}},"910":{"start":{"line":911,"column":0},"end":{"line":911,"column":32}},"911":{"start":{"line":912,"column":0},"end":{"line":912,"column":0}},"912":{"start":{"line":913,"column":0},"end":{"line":913,"column":25}},"913":{"start":{"line":914,"column":0},"end":{"line":914,"column":59}},"914":{"start":{"line":915,"column":0},"end":{"line":915,"column":88}},"915":{"start":{"line":916,"column":0},"end":{"line":916,"column":18}},"916":{"start":{"line":917,"column":0},"end":{"line":917,"column":15}},"917":{"start":{"line":918,"column":0},"end":{"line":918,"column":33}},"918":{"start":{"line":919,"column":0},"end":{"line":919,"column":64}},"919":{"start":{"line":920,"column":0},"end":{"line":920,"column":52}},"920":{"start":{"line":921,"column":0},"end":{"line":921,"column":0}},"921":{"start":{"line":922,"column":0},"end":{"line":922,"column":20}},"922":{"start":{"line":923,"column":0},"end":{"line":923,"column":29}},"923":{"start":{"line":924,"column":0},"end":{"line":924,"column":1}},"924":{"start":{"line":925,"column":0},"end":{"line":925,"column":0}},"925":{"start":{"line":926,"column":0},"end":{"line":926,"column":29}},"926":{"start":{"line":927,"column":0},"end":{"line":927,"column":45}},"927":{"start":{"line":928,"column":0},"end":{"line":928,"column":17}},"928":{"start":{"line":929,"column":0},"end":{"line":929,"column":56}},"929":{"start":{"line":930,"column":0},"end":{"line":930,"column":20}},"930":{"start":{"line":931,"column":0},"end":{"line":931,"column":35}},"931":{"start":{"line":932,"column":0},"end":{"line":932,"column":49}},"932":{"start":{"line":933,"column":0},"end":{"line":933,"column":55}},"933":{"start":{"line":934,"column":0},"end":{"line":934,"column":49}},"934":{"start":{"line":935,"column":0},"end":{"line":935,"column":48}},"935":{"start":{"line":936,"column":0},"end":{"line":936,"column":46}},"936":{"start":{"line":937,"column":0},"end":{"line":937,"column":49}},"937":{"start":{"line":938,"column":0},"end":{"line":938,"column":59}},"938":{"start":{"line":939,"column":0},"end":{"line":939,"column":64}},"939":{"start":{"line":940,"column":0},"end":{"line":940,"column":53}},"940":{"start":{"line":941,"column":0},"end":{"line":941,"column":59}},"941":{"start":{"line":942,"column":0},"end":{"line":942,"column":88}},"942":{"start":{"line":943,"column":0},"end":{"line":943,"column":18}},"943":{"start":{"line":944,"column":0},"end":{"line":944,"column":1}},"944":{"start":{"line":945,"column":0},"end":{"line":945,"column":0}},"945":{"start":{"line":946,"column":0},"end":{"line":946,"column":31}},"946":{"start":{"line":947,"column":0},"end":{"line":947,"column":13}},"947":{"start":{"line":948,"column":0},"end":{"line":948,"column":33}},"948":{"start":{"line":949,"column":0},"end":{"line":949,"column":45}},"949":{"start":{"line":950,"column":0},"end":{"line":950,"column":20}},"950":{"start":{"line":951,"column":0},"end":{"line":951,"column":27}},"951":{"start":{"line":952,"column":0},"end":{"line":952,"column":34}},"952":{"start":{"line":953,"column":0},"end":{"line":953,"column":33}},"953":{"start":{"line":954,"column":0},"end":{"line":954,"column":30}},"954":{"start":{"line":955,"column":0},"end":{"line":955,"column":18}},"955":{"start":{"line":956,"column":0},"end":{"line":956,"column":33}},"956":{"start":{"line":957,"column":0},"end":{"line":957,"column":54}},"957":{"start":{"line":958,"column":0},"end":{"line":958,"column":19}},"958":{"start":{"line":959,"column":0},"end":{"line":959,"column":31}},"959":{"start":{"line":960,"column":0},"end":{"line":960,"column":40}},"960":{"start":{"line":961,"column":0},"end":{"line":961,"column":33}},"961":{"start":{"line":962,"column":0},"end":{"line":962,"column":62}},"962":{"start":{"line":963,"column":0},"end":{"line":963,"column":5}},"963":{"start":{"line":964,"column":0},"end":{"line":964,"column":5}},"964":{"start":{"line":965,"column":0},"end":{"line":965,"column":1}},"965":{"start":{"line":966,"column":0},"end":{"line":966,"column":0}},"966":{"start":{"line":967,"column":0},"end":{"line":967,"column":36}},"967":{"start":{"line":968,"column":0},"end":{"line":968,"column":37}},"968":{"start":{"line":969,"column":0},"end":{"line":969,"column":21}},"969":{"start":{"line":970,"column":0},"end":{"line":970,"column":2}},"970":{"start":{"line":971,"column":0},"end":{"line":971,"column":45}},"971":{"start":{"line":972,"column":0},"end":{"line":972,"column":23}},"972":{"start":{"line":973,"column":0},"end":{"line":973,"column":25}},"973":{"start":{"line":974,"column":0},"end":{"line":974,"column":45}},"974":{"start":{"line":975,"column":0},"end":{"line":975,"column":21}},"975":{"start":{"line":976,"column":0},"end":{"line":976,"column":42}},"976":{"start":{"line":977,"column":0},"end":{"line":977,"column":43}},"977":{"start":{"line":978,"column":0},"end":{"line":978,"column":68}},"978":{"start":{"line":979,"column":0},"end":{"line":979,"column":152}},"979":{"start":{"line":980,"column":0},"end":{"line":980,"column":121}},"980":{"start":{"line":981,"column":0},"end":{"line":981,"column":30}},"981":{"start":{"line":982,"column":0},"end":{"line":982,"column":93}},"982":{"start":{"line":983,"column":0},"end":{"line":983,"column":37}},"983":{"start":{"line":984,"column":0},"end":{"line":984,"column":17}},"984":{"start":{"line":985,"column":0},"end":{"line":985,"column":89}},"985":{"start":{"line":986,"column":0},"end":{"line":986,"column":38}},"986":{"start":{"line":987,"column":0},"end":{"line":987,"column":17}},"987":{"start":{"line":988,"column":0},"end":{"line":988,"column":11}},"988":{"start":{"line":989,"column":0},"end":{"line":989,"column":6}},"989":{"start":{"line":990,"column":0},"end":{"line":990,"column":27}},"990":{"start":{"line":991,"column":0},"end":{"line":991,"column":5}},"991":{"start":{"line":992,"column":0},"end":{"line":992,"column":1}},"992":{"start":{"line":993,"column":0},"end":{"line":993,"column":0}},"993":{"start":{"line":994,"column":0},"end":{"line":994,"column":44}},"994":{"start":{"line":995,"column":0},"end":{"line":995,"column":28}},"995":{"start":{"line":996,"column":0},"end":{"line":996,"column":45}},"996":{"start":{"line":997,"column":0},"end":{"line":997,"column":50}},"997":{"start":{"line":998,"column":0},"end":{"line":998,"column":2}},"998":{"start":{"line":999,"column":0},"end":{"line":999,"column":16}},"999":{"start":{"line":1000,"column":0},"end":{"line":1000,"column":41}},"1000":{"start":{"line":1001,"column":0},"end":{"line":1001,"column":57}},"1001":{"start":{"line":1002,"column":0},"end":{"line":1002,"column":65}},"1002":{"start":{"line":1003,"column":0},"end":{"line":1003,"column":81}},"1003":{"start":{"line":1004,"column":0},"end":{"line":1004,"column":94}},"1004":{"start":{"line":1005,"column":0},"end":{"line":1005,"column":59}},"1005":{"start":{"line":1006,"column":0},"end":{"line":1006,"column":4}},"1006":{"start":{"line":1007,"column":0},"end":{"line":1007,"column":31}},"1007":{"start":{"line":1008,"column":0},"end":{"line":1008,"column":60}},"1008":{"start":{"line":1009,"column":0},"end":{"line":1009,"column":4}},"1009":{"start":{"line":1010,"column":0},"end":{"line":1010,"column":20}},"1010":{"start":{"line":1011,"column":0},"end":{"line":1011,"column":58}},"1011":{"start":{"line":1012,"column":0},"end":{"line":1012,"column":17}},"1012":{"start":{"line":1013,"column":0},"end":{"line":1013,"column":3}},"1013":{"start":{"line":1014,"column":0},"end":{"line":1014,"column":1}},"1014":{"start":{"line":1015,"column":0},"end":{"line":1015,"column":0}},"1015":{"start":{"line":1016,"column":0},"end":{"line":1016,"column":30}},"1016":{"start":{"line":1017,"column":0},"end":{"line":1017,"column":13}},"1017":{"start":{"line":1018,"column":0},"end":{"line":1018,"column":28}},"1018":{"start":{"line":1019,"column":0},"end":{"line":1019,"column":45}},"1019":{"start":{"line":1020,"column":0},"end":{"line":1020,"column":20}},"1020":{"start":{"line":1021,"column":0},"end":{"line":1021,"column":27}},"1021":{"start":{"line":1022,"column":0},"end":{"line":1022,"column":31}},"1022":{"start":{"line":1023,"column":0},"end":{"line":1023,"column":33}},"1023":{"start":{"line":1024,"column":0},"end":{"line":1024,"column":38}},"1024":{"start":{"line":1025,"column":0},"end":{"line":1025,"column":32}},"1025":{"start":{"line":1026,"column":0},"end":{"line":1026,"column":23}},"1026":{"start":{"line":1027,"column":0},"end":{"line":1027,"column":29}},"1027":{"start":{"line":1028,"column":0},"end":{"line":1028,"column":49}},"1028":{"start":{"line":1029,"column":0},"end":{"line":1029,"column":66}},"1029":{"start":{"line":1030,"column":0},"end":{"line":1030,"column":47}},"1030":{"start":{"line":1031,"column":0},"end":{"line":1031,"column":6}},"1031":{"start":{"line":1032,"column":0},"end":{"line":1032,"column":23}},"1032":{"start":{"line":1033,"column":0},"end":{"line":1033,"column":32}},"1033":{"start":{"line":1034,"column":0},"end":{"line":1034,"column":6}},"1034":{"start":{"line":1035,"column":0},"end":{"line":1035,"column":45}},"1035":{"start":{"line":1036,"column":0},"end":{"line":1036,"column":54}},"1036":{"start":{"line":1037,"column":0},"end":{"line":1037,"column":89}},"1037":{"start":{"line":1038,"column":0},"end":{"line":1038,"column":7}},"1038":{"start":{"line":1039,"column":0},"end":{"line":1039,"column":6}},"1039":{"start":{"line":1040,"column":0},"end":{"line":1040,"column":86}},"1040":{"start":{"line":1041,"column":0},"end":{"line":1041,"column":5}},"1041":{"start":{"line":1042,"column":0},"end":{"line":1042,"column":5}},"1042":{"start":{"line":1043,"column":0},"end":{"line":1043,"column":1}},"1043":{"start":{"line":1044,"column":0},"end":{"line":1044,"column":0}},"1044":{"start":{"line":1045,"column":0},"end":{"line":1045,"column":74}},"1045":{"start":{"line":1046,"column":0},"end":{"line":1046,"column":32}},"1046":{"start":{"line":1047,"column":0},"end":{"line":1047,"column":25}},"1047":{"start":{"line":1048,"column":0},"end":{"line":1048,"column":0}},"1048":{"start":{"line":1049,"column":0},"end":{"line":1049,"column":28}},"1049":{"start":{"line":1050,"column":0},"end":{"line":1050,"column":63}},"1050":{"start":{"line":1051,"column":0},"end":{"line":1051,"column":54}},"1051":{"start":{"line":1052,"column":0},"end":{"line":1052,"column":52}},"1052":{"start":{"line":1053,"column":0},"end":{"line":1053,"column":51}},"1053":{"start":{"line":1054,"column":0},"end":{"line":1054,"column":41}},"1054":{"start":{"line":1055,"column":0},"end":{"line":1055,"column":0}},"1055":{"start":{"line":1056,"column":0},"end":{"line":1056,"column":25}},"1056":{"start":{"line":1057,"column":0},"end":{"line":1057,"column":37}},"1057":{"start":{"line":1058,"column":0},"end":{"line":1058,"column":78}},"1058":{"start":{"line":1059,"column":0},"end":{"line":1059,"column":11}},"1059":{"start":{"line":1060,"column":0},"end":{"line":1060,"column":3}},"1060":{"start":{"line":1061,"column":0},"end":{"line":1061,"column":0}},"1061":{"start":{"line":1062,"column":0},"end":{"line":1062,"column":60}},"1062":{"start":{"line":1063,"column":0},"end":{"line":1063,"column":59}},"1063":{"start":{"line":1064,"column":0},"end":{"line":1064,"column":11}},"1064":{"start":{"line":1065,"column":0},"end":{"line":1065,"column":3}},"1065":{"start":{"line":1066,"column":0},"end":{"line":1066,"column":0}},"1066":{"start":{"line":1067,"column":0},"end":{"line":1067,"column":40}},"1067":{"start":{"line":1068,"column":0},"end":{"line":1068,"column":82}},"1068":{"start":{"line":1069,"column":0},"end":{"line":1069,"column":11}},"1069":{"start":{"line":1070,"column":0},"end":{"line":1070,"column":3}},"1070":{"start":{"line":1071,"column":0},"end":{"line":1071,"column":0}},"1071":{"start":{"line":1072,"column":0},"end":{"line":1072,"column":30}},"1072":{"start":{"line":1073,"column":0},"end":{"line":1073,"column":45}},"1073":{"start":{"line":1074,"column":0},"end":{"line":1074,"column":82}},"1074":{"start":{"line":1075,"column":0},"end":{"line":1075,"column":58}},"1075":{"start":{"line":1076,"column":0},"end":{"line":1076,"column":0}},"1076":{"start":{"line":1077,"column":0},"end":{"line":1077,"column":113}},"1077":{"start":{"line":1078,"column":0},"end":{"line":1078,"column":65}},"1078":{"start":{"line":10
[...]
,"C:\\Users\\Jtass\\Desktop\\Nueva carpeta\\level_up_react_vite\\level_up_react_vite\\src\\pages\\admin\\AdminDashboard.jsx": {"path":"C:\\Users\\Jtass\\Desktop\\Nueva carpeta\\level_up_react_vite\\level_up_react_vite\\src\\pages\\admin\\AdminDashboard.jsx","all":false,"statementMap":{"0":{"start":{"line":1,"column":0},"end":{"line":1,"column":44}},"3":{"start":{"line":4,"column":0},"end":{"line":4,"column":129}},"6":{"start":{"line":7,"column":0},"end":{"line":7,"column":30}},"7":{"start":{"line":8,"column":0},"end":{"line":8,"column":47}},"8":{"start":{"line":9,"column":0},"end":{"line":9,"column":38}},"9":{"start":{"line":10,"column":0},"end":{"line":10,"column":41}},"10":{"start":{"line":11,"column":0},"end":{"line":11,"column":42}},"11":{"start":{"line":12,"column":0},"end":{"line":12,"column":44}},"12":{"start":{"line":13,"column":0},"end":{"line":13,"column":43}},"13":{"start":{"line":14,"column":0},"end":{"line":14,"column":18}},"14":{"start":{"line":15,"column":0},"end":{"line":15,"column":19}},"15":{"start":{"line":16,"column":0},"end":{"line":16,"column":27}},"16":{"start":{"line":17,"column":0},"end":{"line":17,"column":24}},"17":{"start":{"line":18,"column":0},"end":{"line":18,"column":5}},"19":{"start":{"line":20,"column":0},"end":{"line":20,"column":63}},"20":{"start":{"line":21,"column":0},"end":{"line":21,"column":71}},"23":{"start":{"line":24,"column":0},"end":{"line":24,"column":38}},"24":{"start":{"line":25,"column":0},"end":{"line":25,"column":43}},"25":{"start":{"line":26,"column":0},"end":{"line":26,"column":24}},"26":{"start":{"line":27,"column":0},"end":{"line":27,"column":22}},"27":{"start":{"line":28,"column":0},"end":{"line":28,"column":30}},"28":{"start":{"line":29,"column":0},"end":{"line":29,"column":21}},"29":{"start":{"line":30,"column":0},"end":{"line":30,"column":4}},"32":{"start":{"line":33,"column":0},"end":{"line":33,"column":19}},"33":{"start":{"line":34,"column":0},"end":{"line":34,"column":31}},"34":{"start":{"line":35,"column":0},"end":{"line":35,"column":11}},"38":{"start":{"line":39,"column":0},"end":{"line":39,"column":81}},"39":{"start":{"line":40,"column":0},"end":{"line":40,"column":86}},"40":{"start":{"line":41,"column":0},"end":{"line":41,"column":42}},"41":{"start":{"line":42,"column":0},"end":{"line":42,"column":70}},"42":{"start":{"line":43,"column":0},"end":{"line":43,"column":48}},"43":{"start":{"line":44,"column":0},"end":{"line":44,"column":86}},"44":{"start":{"line":45,"column":0},"end":{"line":45,"column":57}},"45":{"start":{"line":46,"column":0},"end":{"line":46,"column":74}},"46":{"start":{"line":47,"column":0},"end":{"line":47,"column":52}},"47":{"start":{"line":48,"column":0},"end":{"line":48,"column":11}},"49":{"start":{"line":50,"column":0},"end":{"line":50,"column":86}},"50":{"start":{"line":51,"column":0},"end":{"line":51,"column":77}},"52":{"start":{"line":53,"column":0},"end":{"line":53,"column":81}},"53":{"start":{"line":54,"column":0},"end":{"line":54,"column":15}},"54":{"start":{"line":55,"column":0},"end":{"line":55,"column":44}},"55":{"start":{"line":56,"column":0},"end":{"line":56,"column":12}},"56":{"start":{"line":57,"column":0},"end":{"line":57,"column":76}},"59":{"start":{"line":60,"column":0},"end":{"line":60,"column":59}},"60":{"start":{"line":61,"column":0},"end":{"line":61,"column":101}},"61":{"start":{"line":62,"column":0},"end":{"line":62,"column":95}},"62":{"start":{"line":63,"column":0},"end":{"line":63,"column":63}},"63":{"start":{"line":64,"column":0},"end":{"line":64,"column":48}},"64":{"start":{"line":65,"column":0},"end":{"line":65,"column":87}},"67":{"start":{"line":68,"column":0},"end":{"line":68,"column":37}},"68":{"start":{"line":69,"column":0},"end":{"line":69,"column":77}},"69":{"start":{"line":70,"column":0},"end":{"line":70,"column":67}},"72":{"start":{"line":73,"column":0},"end":{"line":73,"column":117}},"75":{"start":{"line":76,"column":0},"end":{"line":76,"column":18}},"76":{"start":{"line":77,"column":0},"end":{"line":77,"column":25}},"77":{"start":{"line":78,"column":0},"end":{"line":78,"column":34}},"78":{"start":{"line":79,"column":0},"end":{"line":79,"column":33}},"79":{"start":{"line":80,"column":0},"end":{"line":80,"column":12}},"80":{"start":{"line":81,"column":0},"end":{"line":81,"column":26}},"81":{"start":{"line":82,"column":0},"end":{"line":82,"column":35}},"82":{"start":{"line":83,"column":0},"end":{"line":83,"column":24}},"83":{"start":{"line":84,"column":0},"end":{"line":84,"column":12}},"84":{"start":{"line":85,"column":0},"end":{"line":85,"column":28}},"85":{"start":{"line":86,"column":0},"end":{"line":86,"column":37}},"86":{"start":{"line":87,"column":0},"end":{"line":87,"column":24}},"87":{"start":{"line":88,"column":0},"end":{"line":88,"column":12}},"88":{"start":{"line":89,"column":0},"end":{"line":89,"column":27}},"89":{"start":{"line":90,"column":0},"end":{"line":90,"column":36}},"90":{"start":{"line":91,"column":0},"end":{"line":91,"column":24}},"91":{"start":{"line":92,"column":0},"end":{"line":92,"column":12}},"92":{"start":{"line":93,"column":0},"end":{"line":93,"column":40}},"93":{"start":{"line":94,"column":0},"end":{"line":94,"column":22}},"94":{"start":{"line":95,"column":0},"end":{"line":95,"column":30}},"95":{"start":{"line":96,"column":0},"end":{"line":96,"column":27}},"96":{"start":{"line":97,"column":0},"end":{"line":97,"column":11}},"99":{"start":{"line":100,"column":0},"end":{"line":100,"column":64}},"101":{"start":{"line":102,"column":0},"end":{"line":102,"column":96}},"103":{"start":{"line":104,"column":0},"end":{"line":104,"column":26}},"104":{"start":{"line":105,"column":0},"end":{"line":105,"column":23}},"105":{"start":{"line":106,"column":0},"end":{"line":106,"column":69}},"106":{"start":{"line":107,"column":0},"end":{"line":107,"column":26}},"107":{"start":{"line":108,"column":0},"end":{"line":108,"column":7}},"108":{"start":{"line":109,"column":0},"end":{"line":109,"column":6}},"110":{"start":{"line":111,"column":0},"end":{"line":111,"column":18}},"112":{"start":{"line":113,"column":0},"end":{"line":113,"column":73}},"113":{"start":{"line":114,"column":0},"end":{"line":114,"column":50}},"114":{"start":{"line":115,"column":0},"end":{"line":115,"column":66}},"115":{"start":{"line":116,"column":0},"end":{"line":116,"column":9}},"120":{"start":{"line":121,"column":0},"end":{"line":121,"column":22}},"121":{"start":{"line":122,"column":0},"end":{"line":122,"column":6}},"122":{"start":{"line":123,"column":0},"end":{"line":123,"column":31}},"123":{"start":{"line":124,"column":0},"end":{"line":124,"column":55}},"124":{"start":{"line":125,"column":0},"end":{"line":125,"column":40}},"125":{"start":{"line":126,"column":0},"end":{"line":126,"column":40}},"126":{"start":{"line":127,"column":0},"end":{"line":127,"column":23}},"127":{"start":{"line":128,"column":0},"end":{"line":128,"column":6}},"128":{"start":{"line":129,"column":0},"end":{"line":129,"column":6}},"129":{"start":{"line":130,"column":0},"end":{"line":130,"column":24}},"130":{"start":{"line":131,"column":0},"end":{"line":131,"column":56}},"131":{"start":{"line":132,"column":0},"end":{"line":132,"column":41}},"132":{"start":{"line":133,"column":0},"end":{"line":133,"column":43}},"133":{"start":{"line":134,"column":0},"end":{"line":134,"column":23}},"134":{"start":{"line":135,"column":0},"end":{"line":135,"column":6}},"135":{"start":{"line":136,"column":0},"end":{"line":136,"column":6}},"136":{"start":{"line":137,"column":0},"end":{"line":137,"column":26}},"137":{"start":{"line":138,"column":0},"end":{"line":138,"column":58}},"138":{"start":{"line":139,"column":0},"end":{"line":139,"column":43}},"139":{"start":{"line":140,"column":0},"end":{"line":140,"column":33}},"140":{"start":{"line":141,"column":0},"end":{"line":141,"column":20}},"141":{"start":{"line":142,"column":0},"end":{"line":142,"column":6}},"142":{"start":{"line":143,"column":0},"end":{"line":143,"column":6}},"143":{"start":{"line":144,"column":0},"end":{"line":144,"column":25}},"144":{"start":{"line":145,"column":0},"end":{"line":145,"column":57}},"145":{"start":{"line":146,"column":0},"end":{"line":146,"column":42}},"146":{"start":{"line":147,"column":0},"end":{"line":147,"column":35}},"147":{"start":{"line":148,"column":0},"end":{"line":148,"column":23}},"148":{"start":{"line":149,"column":0},"end":{"line":149,"column":5}},"149":{"start":{"line":150,"column":0},"end":{"line":150,"column":4}},"151":{"start":{"line":152,"column":0},"end":{"line":152,"column":16}},"152":{"start":{"line":153,"column":0},"end":{"line":153,"column":12}},"153":{"start":{"line":154,"column":0},"end":{"line":154,"column":44}},"154":{"start":{"line":155,"column":0},"end":{"line":155,"column":104}},"155":{"start":{"line":156,"column":0},"end":{"line":156,"column":69}},"156":{"start":{"line":157,"column":0},"end":{"line":157,"column":64}},"157":{"start":{"line":158,"column":0},"end":{"line":158,"column":16}},"158":{"start":{"line":159,"column":0},"end":{"line":159,"column":14}},"159":{"start":{"line":160,"column":0},"end":{"line":160,"column":12}},"161":{"start":{"line":162,"column":0},"end":{"line":162,"column":3}},"163":{"start":{"line":164,"column":0},"end":{"line":164,"column":10}},"164":{"start":{"line":165,"column":0},"end":{"line":165,"column":42}},"165":{"start":{"line":166,"column":0},"end":{"line":166,"column":78}},"166":{"start":{"line":167,"column":0},"end":{"line":167,"column":50}},"167":{"start":{"line":168,"column":0},"end":{"line":168,"column":42}},"168":{"start":{"line":169,"column":0},"end":{"line":169,"column":52}},"169":{"start":{"line":170,"column":0},"end":{"line":170,"column":14}},"170":{"start":{"line":171,"column":0},"end":{"line":171,"column":12}},"173":{"start":{"line":174,"column":0},"end":{"line":174,"column":36}},"174":{"start":{"line":175,"column":0},"end":{"line":175,"column":42}},"175":{"start":{"line":176,"column":0},"end":{"line":176,"column":64}},"176":{"start":{"line":177,"column":0},"end":{"line":177,"column":85}},"177":{"start":{"line":178,"column":0},"end":{"line":178,"column":41}},"178":{"start":{"line":179,"column":0},"end":{"line":179,"column":52}},"179":{"start":{"line":180,"column":0},"end":{"line":180,"column":85}},"180":{"start":{"line":181,"column":0},"end":{"line":181,"column":73}},"181":{"start":{"line":182,"column":0},"end":{"line":182,"column":33}},"182":{"start":{"line":183,"column":0},"end":{"line":183,"column":26}},"183":{"start":{"line":184,"column":0},"end":{"line":184,"column":80}},"184":{"start":{"line":185,"column":0},"end":{"line":185,"column":118}},"185":{"start":{"line":186,"column":0},"end":{"line":186,"column":34}},"186":{"start":{"line":187,"column":0},"end":{"line":187,"column":25}},"187":{"start":{"line":188,"column":0},"end":{"line":188,"column":102}},"188":{"start":{"line":189,"column":0},"end":{"line":189,"column":96}},"189":{"start":{"line":190,"column":0},"end":{"line":190,"column":27}},"190":{"start":{"line":191,"column":0},"end":{"line":191,"column":24}},"192":{"start":{"line":193,"column":0},"end":{"line":193,"column":85}},"193":{"start":{"line":194,"column":0},"end":{"line":194,"column":25}},"194":{"start":{"line":195,"column":0},"end":{"line":195,"column":82}},"195":{"start":{"line":196,"column":0},"end":{"line":196,"column":71}},"196":{"start":{"line":197,"column":0},"end":{"line":197,"column":104}},"197":{"start":{"line":198,"column":0},"end":{"line":198,"column":98}},"198":{"start":{"line":199,"column":0},"end":{"line":199,"column":29}},"199":{"start":{"line":200,"column":0},"end":{"line":200,"column":26}},"200":{"start":{"line":201,"column":0},"end":{"line":201,"column":68}},"201":{"start":{"line":202,"column":0},"end":{"line":202,"column":33}},"202":{"start":{"line":203,"column":0},"end":{"line":203,"column":26}},"203":{"start":{"line":204,"column":0},"end":{"line":204,"column":24}},"205":{"start":{"line":206,"column":0},"end":{"line":206,"column":20}},"206":{"start":{"line":207,"column":0},"end":{"line":207,"column":18}},"207":{"start":{"line":208,"column":0},"end":{"line":208,"column":16}},"208":{"start":{"line":209,"column":0},"end":{"line":209,"column":11}},"209":{"start":{"line":210,"column":0},"end":{"line":210,"column":12}},"214":{"start":{"line":215,"column":0},"end":{"line":215,"column":32}},"221":{"start":{"line":222,"column":0},"end":{"line":222,"column":47}},"222":{"start":{"line":223,"column":0},"end":{"line":223,"column":57}},"223":{"start":{"line":224,"column":0},"end":{"line":224,"column":109}},"224":{"start":{"line":225,"column":0},"end":{"line":225,"column":58}},"225":{"start":{"line":226,"column":0},"end":{"line":226,"column":95}},"226":{"start":{"line":227,"column":0},"end":{"line":227,"column":18}},"227":{"start":{"line":228,"column":0},"end":{"line":228,"column":43}},"228":{"start":{"line":229,"column":0},"end":{"line":229,"column":46}},"229":{"start":{"line":230,"column":0},"end":{"line":230,"column":61}},"230":{"start":{"line":231,"column":0},"end":{"line":231,"column":59}},"231":{"start":{"line":232,"column":0},"end":{"line":232,"column":84}},"232":{"start":{"line":233,"column":0},"end":{"line":233,"column":65}},"233":{"start":{"line":234,"column":0},"end":{"line":234,"column":76}},"234":{"start":{"line":235,"column":0},"end":{"line":235,"column":69}},"235":{"start":{"line":236,"column":0},"end":{"line":236,"column":30}},"236":{"start":{"line":237,"column":0},"end":{"line":237,"column":53}},"237":{"start":{"line":238,"column":0},"end":{"line":238,"column":91}},"238":{"start":{"line":239,"column":0},"end":{"line":239,"column":63}},"240":{"start":{"line":241,"column":0},"end":{"line":241,"column":43}},"241":{"start":{"line":242,"column":0},"end":{"line":242,"column":123}},"242":{"start":{"line":243,"column":0},"end":{"line":243,"column":95}},"243":{"start":{"line":244,"column":0},"end":{"line":244,"column":68}},"244":{"start":{"line":245,"column":0},"end":{"line":245,"column":30}},"245":{"start":{"line":246,"column":0},"end":{"line":246,"column":30}},"246":{"start":{"line":247,"column":0},"end":{"line":247,"column":115}},"247":{"start":{"line":248,"column":0},"end":{"line":248,"column":55}},"248":{"start":{"line":249,"column":0},"end":{"line":249,"column":31}},"249":{"start":{"line":250,"column":0},"end":{"line":250,"column":28}},"250":{"start":{"line":251,"column":0},"end":{"line":251,"column":26}},"251":{"start":{"line":252,"column":0},"end":{"line":252,"column":21}},"252":{"start":{"line":253,"column":0},"end":{"line":253,"column":22}},"254":{"start":{"line":255,"column":0},"end":{"line":255,"column":50}},"255":{"start":{"line":256,"column":0},"end":{"line":256,"column":75}},"256":{"start":{"line":257,"column":0},"end":{"line":257,"column":72}},"257":{"start":{"line":258,"column":0},"end":{"line":258,"column":22}},"259":{"start":{"line":260,"column":0},"end":{"line":260,"column":18}},"260":{"start":{"line":261,"column":0},"end":{"line":261,"column":16}},"261":{"start":{"line":262,"column":0},"end":{"line":262,"column":14}},"268":{"start":{"line":269,"column":0},"end":{"line":269,"column":42}},"269":{"start":{"line":270,"column":0},"end":{"line":270,"column":57}},"270":{"start":{"line":271,"column":0},"end":{"line":271,"column":109}},"271":{"start":{"line":272,"column":0},"end":{"line":272,"column":55}},"272":{"start":{"line":273,"column":0},"end":{"line":273,"column":96}},"273":{"start":{"line":274,"column":0},"end":{"line":274,"column":18}},"274":{"start":{"line":275,"column":0},"end":{"line":275,"column":39}},"275":{"start":{"line":276,"column":0},"end":{"line":276,"column":48}},"276":{"start":{"line":277,"column":0},"end":{"line":277,"column":18}},"277":{"start":{"line":278,"column":0},"end":{"line":278,"column":55}},"278":{"start":{"line":279,"column":0},"end":{"line":279,"column":63}},"279":{"start":{"line":280,"column":0},"end":{"line":280,"column":64}},"280":{"start":{"line":281,"column":0},"end":{"line":281,"column":27}},"281":{"start":{"line":282,"column":0},"end":{"line":282,"column":93}},"282":{"start":{"line":283,"column":0},"end":{"line":283,"column":28}},"283":{"start":{"line":284,"column":0},"end":{"line":284,"column":26}},"284":{"start":{"line":285,"column":0},"end":{"line":285,"column":24}},"285":{"start":{"line":286,"column":0},"end":{"line":286,"column":62}},"286":{"start":{"line":287,"column":0},"end":{"line":287,"column":57}},"287":{"start":{"line":288,"column":0},"end":{"line":288,"column":112}},"288":{"start":{"line":289,"column":0},"end":{"line":289,"column":98}},"289":{"start":{"line":290,"column":0},"end":{"line":290,"column":92}},"290":{"start":{"line":291,"column":0},"end":{"line":291,"column":27}},"291":{"start":{"line":292,"column":0},"end":{"line":292,"column":23}},"292":{"start":{"line":293,"column":0},"end":{"line":293,"column":23}},"293":{"start":{"line":294,"column":0},"end":{"line":294,"column":19}},"295":{"start":{"line":296,"column":0},"end":{"line":296,"column":50}},"296":{"start":{"line":297,"column":0},"end":{"line":297,"column":67}},"297":{"start":{"line":298,"column":0},"end":{"line":298,"column":80}},"298":{"start":{"line":299,"column":0},"end":{"line":299,"column":22}},"300":{"start":{"line":301,"column":0},"end":{"line":301,"column":18}},"301":{"start":{"line":302,"column":0},"end":{"line":302,"column":16}},"302":{"start":{"line":303,"column":0},"end":{"line":303,"column":14}},"303":{"start":{"line":304,"column":0},"end":{"line":304,"column":12}},"304":{"start":{"line":305,"column":0},"end":{"line":305,"column":10}},"306":{"start":{"line":307,"column":0},"end":{"line":307,"column":2}},"308":{"start":{"line":309,"column":0},"end":{"line":309,"column":30}}},"s":{"0":1,"3":1,"6":1,"7":0,"8":0,"9":0,"10":0,"11":0,"12":0,"13":0,"14":0,"15":0,"16":0,"17":0,"19":0,"20":0,"23":0,"24":0,"25":0,"26":0,"27":0,"28":0,"29":0,"32":0,"33":0,"34":0,"38":0,"39":0,"40":0,"41":0,"42":0,"43":0,"44":0,"45":0,"46":0,"47":0,"49":0,"50":0,"52":0,"53":0,"54":0,"55":0,"56":0,"59":0,"60":0,"61":0,"62":0,"63":0,"64":0,"67":0,"68":0,"69":0,"72":0,"75":0,"76":0,"77":0,"78":0,"79":0,"80":0,"81":0,"82":0,"83":0,"84":0,"85":0,"86":0,"87":0,"88":0,"89":0,"90":0,"91":0,"92":0,"93":0,"94":0,"95":0,"96":0,"99":0,"101":0,"103":0,"104":0,"105":0,"106":0,"107":0,"108":0,"110":0,"112":0,"113":0,"114":0,"115":0,"120":0,"121":0,"122":0,"123":0,"124":0,"125":0,"126":0,"127":0,"128":0,"129":0,"130":0,"131":0,"132":0,"133":0,"134":0,"135":0,"136":0,"137":0,"138":0,"139":0,"140":0,"141":0,"142":0,"143":0,"144":0,"145":0,"146":0,"147":0,"148":0,"149":0,"151":0,"152":0,"153":0,"154":0,"155":0,"156":0,"157":0,"158":0,"159":0,"161":0,"163":0,"164":0,"165":0,"166":0,"167":0,"168":0,"169":0,"170":0,"173":0,"174":0,"175":0,"176":0,"177":0,"178":0,"179":0,"180":0,"181":0,"182":0,"183":0,"184":0,"185":0,"186":0,"187":0,"188":0,"189":0,"190":0,"192":0,"193":0,"194":0,"195":0,"196":0,"197":0,"198":0,"199":0,"200":0,"201":0,"202":0,"203":0,"205":0,"206":0,"207":0,"208":0,"209":0,"214":0,"221":0,"222":0,"223":0,"224":0,"225":0,"226":0,"227":0,"228":0,"229":0,"230":0,"231":0,"232":0,"233":0,"234":0,"235":0,"236":0,"237":0,"238":0,"240":0,"241":0,"242":0,"243":0,"244":0,"245":0,"246":0,"247":0,"248":0,"249":0,"250":0,"251":0,"252":0,"254":0,"255":0,"256":0,"257":0,"259":0,"260":0,"261":0,"268":0,"269":0,"270":0,"271":0,"272":0,"273":0,"274":0,"275":0,"276":0,"277":0,"278":0,"279":0,"280":0,"281":0,"282":0,"283":0,"284":0,"285":0,"286":0,"287":0,"288":0,"289":0,"290":0,"291":0,"292":0,"293":0,"295":0,"296":0,"297":0,"298":0,"300":0,"301":0,"302":0,"303":0,"304":0,"306":0,"308":1},"branchMap":{},"b":{},"fnMap":{"0":{"name":"AdminDashboard","decl":{"start":{"line":7,"column":23},"end":{"line":307,"column":2}},"loc":{"start":{"line":7,"column":23},"end":{"line":307,"column":2}},"line":7}},"f":{"0":0}}
}
